\BOOKMARK [1][-]{Doc-Start}{\376\377\000P\000A\000R\000T\000\040\0001\000:\000\040\000R\000e\000g\000r\000e\000s\000s\000i\000o\000n\000\040\000P\000r\000o\000b\000l\000e\000m\000s}{}% 1
\BOOKMARK [2][-]{subsection.0.1}{\376\377\000P\000r\000o\000b\000l\000e\000m\000\040\0001\000:\000\040\000I\000n\000s\000u\000r\000a\000n\000c\000e\000\040\000C\000o\000m\000p\000a\000n\000y}{Doc-Start}% 2
\BOOKMARK [3][-]{subsubsection.0.1.1}{\376\377\000D\000a\000t\000a\000s\000e\000t}{subsection.0.1}% 3
\BOOKMARK [3][-]{subsubsection.0.1.2}{\376\377\000C\000a\000s\000e\000\040\000A\000:\000\040\000W\000I\000T\000H\000\040\000O\000u\000t\000l\000i\000e\000r}{subsection.0.1}% 4
\BOOKMARK [3][-]{subsubsection.0.1.3}{\376\377\000C\000a\000s\000e\000\040\000B\000:\000\040\000W\000I\000T\000H\000O\000U\000T\000\040\000O\000u\000t\000l\000i\000e\000r}{subsection.0.1}% 5
\BOOKMARK [3][-]{subsubsection.0.1.4}{\376\377\000B\000e\000s\000t\000-\000F\000i\000t\000\040\000M\000o\000d\000e\000l\000\040\000S\000e\000l\000e\000c\000t\000i\000o\000n}{subsection.0.1}% 6
\BOOKMARK [3][-]{subsubsection.0.1.5}{\376\377\000P\000r\000e\000d\000i\000c\000t\000i\000o\000n\000\040\000o\000f\000\040\000I\000n\000s\000u\000r\000e\000d\000\040\000P\000e\000o\000p\000l\000e}{subsection.0.1}% 7
\BOOKMARK [2][-]{subsection.0.2}{\376\377\000P\000r\000o\000b\000l\000e\000m\000\040\0002\000:\000\040\000H\000e\000a\000t\000i\000n\000g\000\040\000O\000i\000l}{Doc-Start}% 8
\BOOKMARK [3][-]{subsubsection.0.2.1}{\376\377\000D\000a\000t\000a\000s\000e\000t}{subsection.0.2}% 9
\BOOKMARK [3][-]{subsubsection.0.2.2}{\376\377\000C\000a\000s\000e\000\040\000A\000:\000\040\000W\000I\000T\000H\000\040\000O\000u\000t\000l\000i\000e\000r}{subsection.0.2}% 10
\BOOKMARK [3][-]{subsubsection.0.2.3}{\376\377\000C\000a\000s\000e\000\040\000B\000:\000\040\000W\000I\000T\000H\000O\000U\000T\000\040\000O\000u\000t\000l\000i\000e\000r}{subsection.0.2}% 11
\BOOKMARK [3][-]{subsubsection.0.2.4}{\376\377\000C\000o\000m\000p\000a\000r\000i\000s\000o\000n\000\040\000o\000f\000\040\000M\000o\000d\000e\000l\000s\000\040\000a\000n\000d\000\040\000B\000e\000s\000t\000-\000F\000i\000t\000\040\000S\000e\000l\000e\000c\000t\000i\000o\000n}{subsection.0.2}% 12
\BOOKMARK [3][-]{subsubsection.0.2.5}{\376\377\000P\000r\000e\000d\000i\000c\000t\000i\000o\000n\000\040\000o\000f\000\040\000O\000i\000l}{subsection.0.2}% 13
\BOOKMARK [1][-]{figure.caption.51}{\376\377\000P\000A\000R\000T\000\040\0002\000:\000\040\000S\000o\000m\000e\000\040\000C\000l\000a\000s\000s\000i\000c\000a\000l\000\040\000M\000L\000\040\000M\000o\000d\000e\000l\000i\000n\000g}{}% 14
\BOOKMARK [1][-]{figure.caption.57}{\376\377\000P\000A\000R\000T\000\040\0003\000:\000\040\000W\000a\000y\000s\000\040\000t\000o\000\040\000F\000a\000s\000t\000e\000n\000\040\000t\000h\000e\000\040\000L\000a\000b\000e\000l\000l\000i\000n\000g\000\040\000P\000r\000o\000c\000e\000s\000s}{}% 15
\BOOKMARK [2][-]{subsection.0.1}{\376\377\000P\000i\000p\000e\000l\000i\000n\000e\000\040\0001\000:\000\040\000K\000-\000M\000e\000a\000n\000s\000\040\000B\000o\000o\000t\000s\000t\000r\000a\000p\000p\000i\000n\000g\000\040\000w\000i\000t\000h\000\040\000A\000c\000t\000i\000v\000e\000\040\000S\000V\000M\000\040\000R\000e\000f\000i\000n\000e\000m\000e\000n\000t}{figure.caption.57}% 16
\BOOKMARK [3][-]{subsubsection.0.1.1}{\376\377\000S\000t\000e\000p\000\040\0001\000\040\000-\000\040\000F\000e\000a\000t\000u\000r\000e\000\040\000E\000x\000t\000r\000a\000c\000t\000i\000o\000n\000\040\000a\000n\000d\000\040\000K\000-\000M\000e\000a\000n\000s\000\040\000C\000l\000u\000s\000t\000e\000r\000i\000n\000g}{subsection.0.1}% 17
\BOOKMARK [3][-]{subsubsection.0.1.2}{\376\377\000S\000t\000e\000p\000\040\0002\000\040\000-\000\040\000H\000u\000m\000a\000n\000\040\000L\000a\000b\000e\000l\000l\000i\000n\000g\000\040\000o\000f\000\040\000C\000l\000u\000s\000t\000e\000r\000s\000\040\000\050\000B\000o\000o\000t\000s\000t\000r\000a\000p\000p\000i\000n\000g\000\040\000P\000h\000a\000s\000e\000\051}{subsection.0.1}% 18
\BOOKMARK [3][-]{subsubsection.0.1.3}{\376\377\000S\000t\000e\000p\000\040\0003\000\040\000-\000\040\000I\000n\000i\000t\000i\000a\000l\000\040\000S\000V\000M\000\040\000T\000r\000a\000i\000n\000i\000n\000g\000\040\000a\000n\000d\000\040\000S\000t\000e\000p\000\040\0004\000\040\000-\000\040\000A\000c\000t\000i\000v\000e\000\040\000R\000e\000f\000i\000n\000e\000m\000e\000n\000t\000:\000\040\000L\000a\000b\000e\000l\000l\000i\000n\000g\000\040\000B\000o\000u\000n\000d\000a\000r\000y\000\040\000I\000m\000a\000g\000e\000s}{subsection.0.1}% 19
\BOOKMARK [3][-]{subsubsection.0.1.4}{\376\377\000S\000t\000e\000p\000\040\0005\000\040\000-\000\040\000R\000e\000t\000r\000a\000i\000n\000\040\000a\000n\000d\000\040\000E\000v\000a\000l\000u\000a\000t\000e}{subsection.0.1}% 20
\BOOKMARK [3][-]{subsubsection.0.1.5}{\376\377\000A\000c\000c\000u\000r\000a\000c\000y}{subsection.0.1}% 21
\BOOKMARK [3][-]{subsubsection.0.1.6}{\376\377\000I\000t\000e\000r\000a\000t\000i\000o\000n\000s}{subsection.0.1}% 22
\BOOKMARK [2][-]{subsection.0.2}{\376\377\000C\000o\000m\000p\000a\000r\000i\000n\000g\000\040\000P\000i\000p\000e\000l\000i\000n\000e\000s\000:\000\040\000M\000a\000n\000u\000a\000l\000\040\000L\000a\000b\000e\000l\000l\000i\000n\000g\000\040\000T\000i\000m\000e}{figure.caption.57}% 23
\BOOKMARK [2][-]{subsection.0.3}{\376\377\000R\000e\000p\000o\000r\000t\000i\000n\000g\000\040\000R\000e\000q\000u\000i\000r\000e\000m\000e\000n\000t\000s}{figure.caption.57}% 24
\BOOKMARK [2][-]{subsection.0.4}{\376\377\000P\000i\000p\000e\000l\000i\000n\000e\000\040\0002\000:\000\040\000M\000a\000n\000u\000a\000l\000\040\000S\000e\000e\000d\000\040\000+\000\040\000A\000u\000g\000m\000e\000n\000t\000a\000t\000i\000o\000n\000\040\000+\000\040\000S\000e\000l\000f\000-\000T\000r\000a\000i\000n\000i\000n\000g}{figure.caption.57}% 25
\BOOKMARK [3][-]{subsubsection.0.4.1}{\376\377\000P\000i\000p\000e\000l\000i\000n\000e\000\040\000D\000i\000a\000g\000r\000a\000m}{subsection.0.4}% 26
\BOOKMARK [3][-]{subsubsection.0.4.2}{\376\377\000I\000t\000e\000r\000a\000t\000i\000o\000n\000\040\000P\000r\000o\000g\000r\000e\000s\000s}{subsection.0.4}% 27
\BOOKMARK [3][-]{subsubsection.0.4.3}{\376\377\000V\000i\000s\000u\000a\000l\000i\000z\000a\000t\000i\000o\000n}{subsection.0.4}% 28
\BOOKMARK [3][-]{subsubsection.0.4.4}{\376\377\000M\000a\000n\000u\000a\000l\000\040\000E\000f\000f\000o\000r\000t}{subsection.0.4}% 29
\BOOKMARK [3][-]{subsubsection.0.4.5}{\376\377\000F\000i\000n\000a\000l\000\040\000R\000e\000s\000u\000l\000t\000s}{subsection.0.4}% 30
\BOOKMARK [3][-]{subsubsection.0.4.6}{\376\377\000C\000o\000m\000p\000a\000r\000i\000s\000o\000n\000\040\000w\000i\000t\000h\000\040\000P\000i\000p\000e\000l\000i\000n\000e\000\040\0001}{subsection.0.4}% 31
\BOOKMARK [3][-]{subsubsection.0.4.7}{\376\377\000D\000i\000s\000c\000u\000s\000s\000i\000o\000n}{subsection.0.4}% 32
\BOOKMARK [2][-]{subsection.0.5}{\376\377\000P\000i\000p\000e\000l\000i\000n\000e\000\040\0003\000:\000\040\000L\000L\000M\000-\000B\000a\000s\000e\000d\000\040\000A\000u\000t\000o\000m\000a\000t\000i\000c\000\040\000L\000a\000b\000e\000l\000l\000i\000n\000g\000\040\000w\000i\000t\000h\000\040\000A\000g\000r\000e\000e\000m\000e\000n\000t\000\040\000V\000a\000l\000i\000d\000a\000t\000i\000o\000n}{figure.caption.57}% 33
\BOOKMARK [3][-]{subsubsection.0.5.1}{\376\377\000B\000l\000o\000c\000k\000\040\000D\000i\000a\000g\000r\000a\000m}{subsection.0.5}% 34
\BOOKMARK [3][-]{subsubsection.0.5.2}{\376\377\000S\000t\000e\000p\000\040\0001\000\040\000B\000e\000n\000c\000h\000m\000a\000r\000k\000i\000n\000g\000\040\000O\000u\000t\000p\000u\000t}{subsection.0.5}% 35
\BOOKMARK [3][-]{subsubsection.0.5.3}{\376\377\000S\000t\000e\000p\000\040\0004\000\040\000A\000g\000r\000e\000e\000m\000e\000n\000t\000\040\000a\000n\000d\000\040\000D\000i\000s\000a\000g\000r\000e\000e\000m\000e\000n\000t\000\040\000O\000u\000t\000p\000u\000t\000s}{subsection.0.5}% 36
\BOOKMARK [3][-]{subsubsection.0.5.4}{\376\377\000M\000a\000n\000u\000a\000l\000\040\000E\000f\000f\000o\000r\000t\000\040\000a\000n\000d\000\040\000C\000o\000s\000t\000\040\000S\000u\000m\000m\000a\000r\000y}{subsection.0.5}% 37
\BOOKMARK [3][-]{subsubsection.0.5.5}{\376\377\000C\000o\000m\000p\000a\000r\000i\000s\000o\000n\000\040\000A\000g\000a\000i\000n\000s\000t\000\040\000P\000i\000p\000e\000l\000i\000n\000e\000s\000\040\0001\000\040\000a\000n\000d\000\040\0002}{subsection.0.5}% 38
\BOOKMARK [3][-]{subsubsection.0.5.6}{\376\377\000P\000i\000p\000e\000l\000i\000n\000e\000\040\0003\000\040\000C\000o\000m\000p\000a\000c\000t\000\040\000S\000u\000m\000m\000a\000r\000y\000\040\000T\000a\000b\000l\000e\000\040\000\050\000A\000s\000s\000i\000g\000n\000m\000e\000n\000t\000\040\000S\000t\000y\000l\000e\000\051}{subsection.0.5}% 39
\BOOKMARK [1][-]{table.caption.76}{\376\377\000R\000e\000f\000e\000r\000e\000n\000c\000e\000s}{}% 40
