This is pdfTeX, Version 3.141592653-2.6-1.40.25 (TeX Live 2023) (preloaded format=pdflatex 2026.4.7)  7 APR 2026 20:23
entering extended mode
 restricted \write18 enabled.
 %&-line parsing enabled.
**part1_from_docx.tex
(./part1_from_docx.tex
LaTeX2e <2022-11-01> patch level 1
L3 programming layer <2023-02-22>
(/usr/share/texlive/texmf-dist/tex/latex/base/article.cls
Document Class: article 2022/07/02 v1.4n Standard LaTeX document class
(/usr/share/texlive/texmf-dist/tex/latex/base/size12.clo
File: size12.clo 2022/07/02 v1.4n Standard LaTeX file (size option)
)
\c@part=\count185
\c@section=\count186
\c@subsection=\count187
\c@subsubsection=\count188
\c@paragraph=\count189
\c@subparagraph=\count190
\c@figure=\count191
\c@table=\count192
\abovecaptionskip=\skip48
\belowcaptionskip=\skip49
\bibindent=\dimen140
)
(/usr/share/texlive/texmf-dist/tex/latex/geometry/geometry.sty
Package: geometry 2020/01/02 v5.9 Page Geometry

(/usr/share/texlive/texmf-dist/tex/latex/graphics/keyval.sty
Package: keyval 2022/05/29 v1.15 key=value parser (DPC)
\KV@toks@=\toks16
)
(/usr/share/texlive/texmf-dist/tex/generic/iftex/ifvtex.sty
Package: ifvtex 2019/10/25 v1.7 ifvtex legacy package. Use iftex instead.

(/usr/share/texlive/texmf-dist/tex/generic/iftex/iftex.sty
Package: iftex 2022/02/03 v1.0f TeX engine tests
))
\Gm@cnth=\count193
\Gm@cntv=\count194
\c@Gm@tempcnt=\count195
\Gm@bindingoffset=\dimen141
\Gm@wd@mp=\dimen142
\Gm@odd@mp=\dimen143
\Gm@even@mp=\dimen144
\Gm@layoutwidth=\dimen145
\Gm@layoutheight=\dimen146
\Gm@layouthoffset=\dimen147
\Gm@layoutvoffset=\dimen148
\Gm@dimlist=\toks17
)
(/usr/share/texlive/texmf-dist/tex/latex/amsmath/amsmath.sty
Package: amsmath 2022/04/08 v2.17n AMS math features
\@mathmargin=\skip50

For additional information on amsmath, use the `?' option.
(/usr/share/texlive/texmf-dist/tex/latex/amsmath/amstext.sty
Package: amstext 2021/08/26 v2.01 AMS text

(/usr/share/texlive/texmf-dist/tex/latex/amsmath/amsgen.sty
File: amsgen.sty 1999/11/30 v2.0 generic functions
\@emptytoks=\toks18
\ex@=\dimen149
))
(/usr/share/texlive/texmf-dist/tex/latex/amsmath/amsbsy.sty
Package: amsbsy 1999/11/29 v1.2d Bold Symbols
\pmbraise@=\dimen150
)
(/usr/share/texlive/texmf-dist/tex/latex/amsmath/amsopn.sty
Package: amsopn 2022/04/08 v2.04 operator names
)
\inf@bad=\count196
LaTeX Info: Redefining \frac on input line 234.
\uproot@=\count197
\leftroot@=\count198
LaTeX Info: Redefining \overline on input line 399.
LaTeX Info: Redefining \colon on input line 410.
\classnum@=\count199
\DOTSCASE@=\count266
LaTeX Info: Redefining \ldots on input line 496.
LaTeX Info: Redefining \dots on input line 499.
LaTeX Info: Redefining \cdots on input line 620.
\Mathstrutbox@=\box51
\strutbox@=\box52
LaTeX Info: Redefining \big on input line 722.
LaTeX Info: Redefining \Big on input line 723.
LaTeX Info: Redefining \bigg on input line 724.
LaTeX Info: Redefining \Bigg on input line 725.
\big@size=\dimen151
LaTeX Font Info:    Redeclaring font encoding OML on input line 743.
LaTeX Font Info:    Redeclaring font encoding OMS on input line 744.
\macc@depth=\count267
LaTeX Info: Redefining \bmod on input line 905.
LaTeX Info: Redefining \pmod on input line 910.
LaTeX Info: Redefining \smash on input line 940.
LaTeX Info: Redefining \relbar on input line 970.
LaTeX Info: Redefining \Relbar on input line 971.
\c@MaxMatrixCols=\count268
\dotsspace@=\muskip16
\c@parentequation=\count269
\dspbrk@lvl=\count270
\tag@help=\toks19
\row@=\count271
\column@=\count272
\maxfields@=\count273
\andhelp@=\toks20
\eqnshift@=\dimen152
\alignsep@=\dimen153
\tagshift@=\dimen154
\tagwidth@=\dimen155
\totwidth@=\dimen156
\lineht@=\dimen157
\@envbody=\toks21
\multlinegap=\skip51
\multlinetaggap=\skip52
\mathdisplay@stack=\toks22
LaTeX Info: Redefining \[ on input line 2953.
LaTeX Info: Redefining \] on input line 2954.
)
(/usr/share/texlive/texmf-dist/tex/latex/amsfonts/amssymb.sty
Package: amssymb 2013/01/14 v3.01 AMS font symbols

(/usr/share/texlive/texmf-dist/tex/latex/amsfonts/amsfonts.sty
Package: amsfonts 2013/01/14 v3.01 Basic AMSFonts support
\symAMSa=\mathgroup4
\symAMSb=\mathgroup5
LaTeX Font Info:    Redeclaring math symbol \hbar on input line 98.
LaTeX Font Info:    Overwriting math alphabet `\mathfrak' in version `bold'
(Font)                  U/euf/m/n --> U/euf/b/n on input line 106.
))
(/usr/share/texlive/texmf-dist/tex/latex/graphics/graphicx.sty
Package: graphicx 2021/09/16 v1.2d Enhanced LaTeX Graphics (DPC,SPQR)

(/usr/share/texlive/texmf-dist/tex/latex/graphics/graphics.sty
Package: graphics 2022/03/10 v1.4e Standard LaTeX Graphics (DPC,SPQR)

(/usr/share/texlive/texmf-dist/tex/latex/graphics/trig.sty
Package: trig 2021/08/11 v1.11 sin cos tan (DPC)
)
(/usr/share/texlive/texmf-dist/tex/latex/graphics-cfg/graphics.cfg
File: graphics.cfg 2016/06/04 v1.11 sample graphics configuration
)
Package graphics Info: Driver file: pdftex.def on input line 107.

(/usr/share/texlive/texmf-dist/tex/latex/graphics-def/pdftex.def
File: pdftex.def 2022/09/22 v1.2b Graphics/color driver for pdftex
))
\Gin@req@height=\dimen158
\Gin@req@width=\dimen159
)
(/usr/share/texlive/texmf-dist/tex/latex/booktabs/booktabs.sty
Package: booktabs 2020/01/12 v1.61803398 Publication quality tables
\heavyrulewidth=\dimen160
\lightrulewidth=\dimen161
\cmidrulewidth=\dimen162
\belowrulesep=\dimen163
\belowbottomsep=\dimen164
\aboverulesep=\dimen165
\abovetopsep=\dimen166
\cmidrulesep=\dimen167
\cmidrulekern=\dimen168
\defaultaddspace=\dimen169
\@cmidla=\count274
\@cmidlb=\count275
\@aboverulesep=\dimen170
\@belowrulesep=\dimen171
\@thisruleclass=\count276
\@lastruleclass=\count277
\@thisrulewidth=\dimen172
)
(/usr/share/texlive/texmf-dist/tex/latex/tools/array.sty
Package: array 2022/09/04 v2.5g Tabular extension package (FMi)
\col@sep=\dimen173
\ar@mcellbox=\box53
\extrarowheight=\dimen174
\NC@list=\toks23
\extratabsurround=\skip53
\backup@length=\skip54
\ar@cellbox=\box54
)
(/usr/share/texlive/texmf-dist/tex/latex/tools/longtable.sty
Package: longtable 2021-09-01 v4.17 Multi-page Table package (DPC)
\LTleft=\skip55
\LTright=\skip56
\LTpre=\skip57
\LTpost=\skip58
\LTchunksize=\count278
\LTcapwidth=\dimen175
\LT@head=\box55
\LT@firsthead=\box56
\LT@foot=\box57
\LT@lastfoot=\box58
\LT@gbox=\box59
\LT@cols=\count279
\LT@rows=\count280
\c@LT@tables=\count281
\c@LT@chunks=\count282
\LT@p@ftn=\toks24
)
(/usr/share/texlive/texmf-dist/tex/latex/multirow/multirow.sty
Package: multirow 2021/03/15 v2.8 Span multiple rows of a table
\multirow@colwidth=\skip59
\multirow@cntb=\count283
\multirow@dima=\skip60
\bigstrutjot=\dimen176
)
(/usr/share/texlive/texmf-dist/tex/latex/tools/tabularx.sty
Package: tabularx 2020/01/15 v2.11c `tabularx' package (DPC)
\TX@col@width=\dimen177
\TX@old@table=\dimen178
\TX@old@col=\dimen179
\TX@target=\dimen180
\TX@delta=\dimen181
\TX@cols=\count284
\TX@ftn=\toks25
)
(/usr/share/texlive/texmf-dist/tex/latex/float/float.sty
Package: float 2001/11/08 v1.3d Float enhancements (AL)
\c@float@type=\count285
\float@exts=\toks26
\float@box=\box60
\@float@everytoks=\toks27
\@floatcapt=\box61
)
(/usr/share/texlive/texmf-dist/tex/latex/hyperref/hyperref.sty
Package: hyperref 2023-02-07 v7.00v Hypertext links for LaTeX

(/usr/share/texlive/texmf-dist/tex/generic/ltxcmds/ltxcmds.sty
Package: ltxcmds 2020-05-10 v1.25 LaTeX kernel commands for general use (HO)
)
(/usr/share/texlive/texmf-dist/tex/generic/pdftexcmds/pdftexcmds.sty
Package: pdftexcmds 2020-06-27 v0.33 Utility functions of pdfTeX for LuaTeX (HO
)

(/usr/share/texlive/texmf-dist/tex/generic/infwarerr/infwarerr.sty
Package: infwarerr 2019/12/03 v1.5 Providing info/warning/error messages (HO)
)
Package pdftexcmds Info: \pdf@primitive is available.
Package pdftexcmds Info: \pdf@ifprimitive is available.
Package pdftexcmds Info: \pdfdraftmode found.
)
(/usr/share/texlive/texmf-dist/tex/latex/kvsetkeys/kvsetkeys.sty
Package: kvsetkeys 2022-10-05 v1.19 Key value parser (HO)
)
(/usr/share/texlive/texmf-dist/tex/generic/kvdefinekeys/kvdefinekeys.sty
Package: kvdefinekeys 2019-12-19 v1.6 Define keys (HO)
)
(/usr/share/texlive/texmf-dist/tex/generic/pdfescape/pdfescape.sty
Package: pdfescape 2019/12/09 v1.15 Implements pdfTeX's escape features (HO)
)
(/usr/share/texlive/texmf-dist/tex/latex/hycolor/hycolor.sty
Package: hycolor 2020-01-27 v1.10 Color options for hyperref/bookmark (HO)
)
(/usr/share/texlive/texmf-dist/tex/latex/letltxmacro/letltxmacro.sty
Package: letltxmacro 2019/12/03 v1.6 Let assignment for LaTeX macros (HO)
)
(/usr/share/texlive/texmf-dist/tex/latex/auxhook/auxhook.sty
Package: auxhook 2019-12-17 v1.6 Hooks for auxiliary files (HO)
)
(/usr/share/texlive/texmf-dist/tex/latex/hyperref/nameref.sty
Package: nameref 2022-05-17 v2.50 Cross-referencing by name of section

(/usr/share/texlive/texmf-dist/tex/latex/refcount/refcount.sty
Package: refcount 2019/12/15 v3.6 Data extraction from label references (HO)
)
(/usr/share/texlive/texmf-dist/tex/generic/gettitlestring/gettitlestring.sty
Package: gettitlestring 2019/12/15 v1.6 Cleanup title references (HO)

(/usr/share/texlive/texmf-dist/tex/latex/kvoptions/kvoptions.sty
Package: kvoptions 2022-06-15 v3.15 Key value format for package options (HO)
))
\c@section@level=\count286
)
\@linkdim=\dimen182
\Hy@linkcounter=\count287
\Hy@pagecounter=\count288

(/usr/share/texlive/texmf-dist/tex/latex/hyperref/pd1enc.def
File: pd1enc.def 2023-02-07 v7.00v Hyperref: PDFDocEncoding definition (HO)
Now handling font encoding PD1 ...
... no UTF-8 mapping file for font encoding PD1
)
(/usr/share/texlive/texmf-dist/tex/generic/intcalc/intcalc.sty
Package: intcalc 2019/12/15 v1.3 Expandable calculations with integers (HO)
)
(/usr/share/texlive/texmf-dist/tex/generic/etexcmds/etexcmds.sty
Package: etexcmds 2019/12/15 v1.7 Avoid name clashes with e-TeX commands (HO)
)
\Hy@SavedSpaceFactor=\count289

(/usr/share/texlive/texmf-dist/tex/latex/hyperref/puenc.def
File: puenc.def 2023-02-07 v7.00v Hyperref: PDF Unicode definition (HO)
Now handling font encoding PU ...
... no UTF-8 mapping file for font encoding PU
)
Package hyperref Info: Hyper figures OFF on input line 4177.
Package hyperref Info: Link nesting OFF on input line 4182.
Package hyperref Info: Hyper index ON on input line 4185.
Package hyperref Info: Plain pages OFF on input line 4192.
Package hyperref Info: Backreferencing OFF on input line 4197.
Package hyperref Info: Implicit mode ON; LaTeX internals redefined.
Package hyperref Info: Bookmarks ON on input line 4425.
\c@Hy@tempcnt=\count290

(/usr/share/texlive/texmf-dist/tex/latex/url/url.sty
\Urlmuskip=\muskip17
Package: url 2013/09/16  ver 3.4  Verb mode for urls, etc.
)
LaTeX Info: Redefining \url on input line 4763.
\XeTeXLinkMargin=\dimen183

(/usr/share/texlive/texmf-dist/tex/generic/bitset/bitset.sty
Package: bitset 2019/12/09 v1.3 Handle bit-vector datatype (HO)

(/usr/share/texlive/texmf-dist/tex/generic/bigintcalc/bigintcalc.sty
Package: bigintcalc 2019/12/15 v1.5 Expandable calculations on big integers (HO
)
))
\Fld@menulength=\count291
\Field@Width=\dimen184
\Fld@charsize=\dimen185
Package hyperref Info: Hyper figures OFF on input line 6042.
Package hyperref Info: Link nesting OFF on input line 6047.
Package hyperref Info: Hyper index ON on input line 6050.
Package hyperref Info: backreferencing OFF on input line 6057.
Package hyperref Info: Link coloring OFF on input line 6062.
Package hyperref Info: Link coloring with OCG OFF on input line 6067.
Package hyperref Info: PDF/A mode OFF on input line 6072.

(/usr/share/texlive/texmf-dist/tex/latex/base/atbegshi-ltx.sty
Package: atbegshi-ltx 2021/01/10 v1.0c Emulation of the original atbegshi
package with kernel methods
)
\Hy@abspage=\count292
\c@Item=\count293
\c@Hfootnote=\count294
)
Package hyperref Info: Driver (autodetected): hpdftex.

(/usr/share/texlive/texmf-dist/tex/latex/hyperref/hpdftex.def
File: hpdftex.def 2023-02-07 v7.00v Hyperref driver for pdfTeX

(/usr/share/texlive/texmf-dist/tex/latex/base/atveryend-ltx.sty
Package: atveryend-ltx 2020/08/19 v1.0a Emulation of the original atveryend pac
kage
with kernel methods
)
\Fld@listcount=\count295
\c@bookmark@seq@number=\count296

(/usr/share/texlive/texmf-dist/tex/latex/rerunfilecheck/rerunfilecheck.sty
Package: rerunfilecheck 2022-07-10 v1.10 Rerun checks for auxiliary files (HO)

(/usr/share/texlive/texmf-dist/tex/generic/uniquecounter/uniquecounter.sty
Package: uniquecounter 2019/12/15 v1.4 Provide unlimited unique counter (HO)
)
Package uniquecounter Info: New unique counter `rerunfilecheck' on input line 2
85.
)
\Hy@SectionHShift=\skip61
)
(/usr/share/texlive/texmf-dist/tex/latex/setspace/setspace.sty
Package: setspace 2022/12/04 v6.7b set line spacing
)
(/usr/share/texlive/texmf-dist/tex/latex/titlesec/titlesec.sty
Package: titlesec 2021/07/05 v2.14 Sectioning titles
\ttl@box=\box62
\beforetitleunit=\skip62
\aftertitleunit=\skip63
\ttl@plus=\dimen186
\ttl@minus=\dimen187
\ttl@toksa=\toks28
\titlewidth=\dimen188
\titlewidthlast=\dimen189
\titlewidthfirst=\dimen190
)
(/usr/share/texlive/texmf-dist/tex/latex/fancyhdr/fancyhdr.sty
Package: fancyhdr 2022/11/09 v4.1 Extensive control of page headers and footers

\f@nch@headwidth=\skip64
\f@nch@O@elh=\skip65
\f@nch@O@erh=\skip66
\f@nch@O@olh=\skip67
\f@nch@O@orh=\skip68
\f@nch@O@elf=\skip69
\f@nch@O@erf=\skip70
\f@nch@O@olf=\skip71
\f@nch@O@orf=\skip72
)
(/usr/share/texlive/texmf-dist/tex/latex/caption/caption.sty
Package: caption 2023/03/12 v3.6j Customizing captions (AR)

(/usr/share/texlive/texmf-dist/tex/latex/caption/caption3.sty
Package: caption3 2023/03/12 v2.4 caption3 kernel (AR)
\caption@tempdima=\dimen191
\captionmargin=\dimen192
\caption@leftmargin=\dimen193
\caption@rightmargin=\dimen194
\caption@width=\dimen195
\caption@indent=\dimen196
\caption@parindent=\dimen197
\caption@hangindent=\dimen198
Package caption Info: Standard document class detected.
)
\c@caption@flags=\count297
\c@continuedfloat=\count298
Package caption Info: float package is loaded.
Package caption Info: hyperref package is loaded.
Package caption Info: longtable package is loaded.

(/usr/share/texlive/texmf-dist/tex/latex/caption/ltcaption.sty
Package: ltcaption 2021/01/08 v1.4c longtable captions (AR)
))
(/usr/share/texlive/texmf-dist/tex/latex/caption/subcaption.sty
Package: subcaption 2023/02/19 v1.6 Sub-captions (AR)
Package caption Info: New subtype `subfigure' on input line 239.
\c@subfigure=\count299
Package caption Info: New subtype `subtable' on input line 239.
\c@subtable=\count300
)
(/usr/share/texlive/texmf-dist/tex/latex/xcolor/xcolor.sty
Package: xcolor 2022/06/12 v2.14 LaTeX color extensions (UK)

(/usr/share/texlive/texmf-dist/tex/latex/graphics-cfg/color.cfg
File: color.cfg 2016/01/02 v1.6 sample color configuration
)
Package xcolor Info: Driver file: pdftex.def on input line 227.

(/usr/share/texlive/texmf-dist/tex/latex/graphics/mathcolor.ltx)
Package xcolor Info: Model `cmy' substituted by `cmy0' on input line 1353.
Package xcolor Info: Model `hsb' substituted by `rgb' on input line 1357.
Package xcolor Info: Model `RGB' extended on input line 1369.
Package xcolor Info: Model `HTML' substituted by `rgb' on input line 1371.
Package xcolor Info: Model `Hsb' substituted by `hsb' on input line 1372.
Package xcolor Info: Model `tHsb' substituted by `hsb' on input line 1373.
Package xcolor Info: Model `HSB' substituted by `hsb' on input line 1374.
Package xcolor Info: Model `Gray' substituted by `gray' on input line 1375.
Package xcolor Info: Model `wave' substituted by `hsb' on input line 1376.
)
(/usr/share/texlive/texmf-dist/tex/latex/parskip/parskip.sty
Package: parskip 2021-03-14 v2.0h non-zero parskip adjustments

(/usr/share/texlive/texmf-dist/tex/latex/etoolbox/etoolbox.sty
Package: etoolbox 2020/10/05 v2.5k e-TeX tools for LaTeX (JAW)
\etb@tempcnta=\count301
))
(/usr/share/texlive/texmf-dist/tex/latex/enumitem/enumitem.sty
Package: enumitem 2019/06/20 v3.9 Customized lists
\labelindent=\skip73
\enit@outerparindent=\dimen199
\enit@toks=\toks29
\enit@inbox=\box63
\enit@count@id=\count302
\enitdp@description=\count303
)
(/usr/share/texlive/texmf-dist/tex/latex/base/fontenc.sty
Package: fontenc 2021/04/29 v2.0v Standard LaTeX package
)
(/usr/share/texlive/texmf-dist/tex/latex/base/inputenc.sty
Package: inputenc 2021/02/14 v1.3d Input encoding file
\inpenc@prehook=\toks30
\inpenc@posthook=\toks31
)
(/usr/share/texlive/texmf-dist/tex/latex/tools/bm.sty
Package: bm 2022/01/05 v1.2f Bold Symbol Support (DPC/FMi)
\symboldoperators=\mathgroup6
\symboldletters=\mathgroup7
\symboldsymbols=\mathgroup8
Package bm Info: No bold for \OMX/cmex/m/n, using \pmb.
Package bm Info: No bold for \U/msa/m/n, using \pmb.
Package bm Info: No bold for \U/msb/m/n, using \pmb.
LaTeX Font Info:    Redeclaring math alphabet \mathbf on input line 149.
)
(/usr/share/texlive/texmf-dist/tex/latex/mathtools/mathtools.sty
Package: mathtools 2022/06/29 v1.29 mathematical typesetting tools

(/usr/share/texlive/texmf-dist/tex/latex/tools/calc.sty
Package: calc 2017/05/25 v4.3 Infix arithmetic (KKT,FJ)
\calc@Acount=\count304
\calc@Bcount=\count305
\calc@Adimen=\dimen256
\calc@Bdimen=\dimen257
\calc@Askip=\skip74
\calc@Bskip=\skip75
LaTeX Info: Redefining \setlength on input line 80.
LaTeX Info: Redefining \addtolength on input line 81.
\calc@Ccount=\count306
\calc@Cskip=\skip76
)
(/usr/share/texlive/texmf-dist/tex/latex/mathtools/mhsetup.sty
Package: mhsetup 2021/03/18 v1.4 programming setup (MH)
)
\g_MT_multlinerow_int=\count307
\l_MT_multwidth_dim=\dimen258
\origjot=\skip77
\l_MT_shortvdotswithinadjustabove_dim=\dimen259
\l_MT_shortvdotswithinadjustbelow_dim=\dimen260
\l_MT_above_intertext_sep=\dimen261
\l_MT_below_intertext_sep=\dimen262
\l_MT_above_shortintertext_sep=\dimen263
\l_MT_below_shortintertext_sep=\dimen264
\xmathstrut@box=\box64
\xmathstrut@dim=\dimen265
)
Package hyperref Info: Option `colorlinks' set `true' on input line 33.

(/usr/share/texlive/texmf-dist/tex/latex/l3backend/l3backend-pdftex.def
File: l3backend-pdftex.def 2023-01-16 L3 backend support: PDF output (pdfTeX)
\l__color_backend_stack_int=\count308
\l__pdf_internal_box=\box65
)
(./part1_from_docx.aux)
\openout1 = `part1_from_docx.aux'.

LaTeX Font Info:    Checking defaults for OML/cmm/m/it on input line 56.
LaTeX Font Info:    ... okay on input line 56.
LaTeX Font Info:    Checking defaults for OMS/cmsy/m/n on input line 56.
LaTeX Font Info:    ... okay on input line 56.
LaTeX Font Info:    Checking defaults for OT1/cmr/m/n on input line 56.
LaTeX Font Info:    ... okay on input line 56.
LaTeX Font Info:    Checking defaults for T1/cmr/m/n on input line 56.
LaTeX Font Info:    ... okay on input line 56.
LaTeX Font Info:    Checking defaults for TS1/cmr/m/n on input line 56.
LaTeX Font Info:    ... okay on input line 56.
LaTeX Font Info:    Checking defaults for OMX/cmex/m/n on input line 56.
LaTeX Font Info:    ... okay on input line 56.
LaTeX Font Info:    Checking defaults for U/cmr/m/n on input line 56.
LaTeX Font Info:    ... okay on input line 56.
LaTeX Font Info:    Checking defaults for PD1/pdf/m/n on input line 56.
LaTeX Font Info:    ... okay on input line 56.
LaTeX Font Info:    Checking defaults for PU/pdf/m/n on input line 56.
LaTeX Font Info:    ... okay on input line 56.

*geometry* driver: auto-detecting
*geometry* detected driver: pdftex
*geometry* verbose mode - [ preamble ] result:
* driver: pdftex
* paper: a4paper
* layout: <same size as paper>
* layoutoffset:(h,v)=(0.0pt,0.0pt)
* modes: 
* h-part:(L,W,R)=(71.13188pt, 455.24411pt, 71.13188pt)
* v-part:(T,H,B)=(71.13188pt, 702.78308pt, 71.13188pt)
* \paperwidth=597.50787pt
* \paperheight=845.04684pt
* \textwidth=455.24411pt
* \textheight=702.78308pt
* \oddsidemargin=-1.1381pt
* \evensidemargin=-1.1381pt
* \topmargin=-38.1381pt
* \headheight=12.0pt
* \headsep=25.0pt
* \topskip=12.0pt
* \footskip=30.0pt
* \marginparwidth=35.0pt
* \marginparsep=10.0pt
* \columnsep=10.0pt
* \skip\footins=10.8pt plus 4.0pt minus 2.0pt
* \hoffset=0.0pt
* \voffset=0.0pt
* \mag=1000
* \@twocolumnfalse
* \@twosidefalse
* \@mparswitchfalse
* \@reversemarginfalse
* (1in=72.27pt=25.4mm, 1cm=28.453pt)

(/usr/share/texlive/texmf-dist/tex/latex/epstopdf-pkg/epstopdf-base.sty
Package: epstopdf-base 2020-01-24 v2.11 Base part for package epstopdf
Package epstopdf-base Info: Redefining graphics rule for `.eps' on input line 4
85.

(/usr/share/texlive/texmf-dist/tex/latex/latexconfig/epstopdf-sys.cfg
File: epstopdf-sys.cfg 2010/07/13 v1.3 Configuration of (r)epstopdf for TeX Liv
e
))
Package hyperref Info: Link coloring ON on input line 56.

(./part1_from_docx.out) (./part1_from_docx.out)
\@outlinefile=\write3
\openout3 = `part1_from_docx.out'.

Package caption Info: Begin \AtBeginDocument code.
Package caption Info: End \AtBeginDocument code.
<vertopal_949f0de44c59406998abca066c65aa34/media/image1.png, id=55, 166.221pt x
 158.0304pt>
File: vertopal_949f0de44c59406998abca066c65aa34/media/image1.png Graphic file (
type png)
<use vertopal_949f0de44c59406998abca066c65aa34/media/image1.png>
Package pdftex.def Info: vertopal_949f0de44c59406998abca066c65aa34/media/image1
.png  used on input line 63.
(pdftex.def)             Requested size: 81.9406pt x 77.90337pt.
<vertopal_949f0de44c59406998abca066c65aa34/media/image2.png, id=57, 107.4414pt 
x 122.3772pt>
File: vertopal_949f0de44c59406998abca066c65aa34/media/image2.png Graphic file (
type png)
<use vertopal_949f0de44c59406998abca066c65aa34/media/image2.png>
Package pdftex.def Info: vertopal_949f0de44c59406998abca066c65aa34/media/image2
.png  used on input line 64.
(pdftex.def)             Requested size: 68.28383pt x 77.77773pt.
LaTeX Font Info:    Trying to load font information for U+msa on input line 81.


(/usr/share/texlive/texmf-dist/tex/latex/amsfonts/umsa.fd
File: umsa.fd 2013/01/14 v3.01 AMS symbols A
)
LaTeX Font Info:    Trying to load font information for U+msb on input line 81.


(/usr/share/texlive/texmf-dist/tex/latex/amsfonts/umsb.fd
File: umsb.fd 2013/01/14 v3.01 AMS symbols B
) [1

{/var/lib/texmf/fonts/map/pdftex/updmap/pdftex.map}{/usr/share/texlive/texmf-di
st/fonts/enc/dvips/cm-super/cm-super-t1.enc} <./vertopal_949f0de44c59406998abca
066c65aa34/media/image1.png> <./vertopal_949f0de44c59406998abca066c65aa34/media
/image2.png>]
(./part1_from_docx.toc)
\tf@toc=\write4
\openout4 = `part1_from_docx.toc'.



Package fancyhdr Warning: \headheight is too small (12.0pt): 
(fancyhdr)                Make it at least 13.59999pt, for example:
(fancyhdr)                \setlength{\headheight}{13.59999pt}.
(fancyhdr)                You might also make \topmargin smaller to compensate:

(fancyhdr)                \addtolength{\topmargin}{-1.59999pt}.


pdfTeX warning (ext4): destination with the same identifier (name{page.1}) has 
been already used, duplicate ignored
<to be read again> 
                   \relax 
l.104 \newpage
               [1] (./part1_from_docx.lof)
\tf@lof=\write5
\openout5 = `part1_from_docx.lof'.



Package fancyhdr Warning: \headheight is too small (12.0pt): 
(fancyhdr)                Make it at least 13.59999pt, for example:
(fancyhdr)                \setlength{\headheight}{13.59999pt}.
(fancyhdr)                You might also make \topmargin smaller to compensate:

(fancyhdr)                \addtolength{\topmargin}{-1.59999pt}.

[2]

Package hyperref Warning: The anchor of a bookmark and its parent's must not
(hyperref)                be the same. Added a new anchor on input line 116.

<vertopal_949f0de44c59406998abca066c65aa34/media/image3.png, id=158, 578.16pt x
 433.62pt>
File: vertopal_949f0de44c59406998abca066c65aa34/media/image3.png Graphic file (
type png)
<use vertopal_949f0de44c59406998abca066c65aa34/media/image3.png>
Package pdftex.def Info: vertopal_949f0de44c59406998abca066c65aa34/media/image3
.png  used on input line 169.
(pdftex.def)             Requested size: 386.96027pt x 290.21953pt.

Package fancyhdr Warning: \headheight is too small (12.0pt): 
(fancyhdr)                Make it at least 13.59999pt, for example:
(fancyhdr)                \setlength{\headheight}{13.59999pt}.
(fancyhdr)                You might also make \topmargin smaller to compensate:

(fancyhdr)                \addtolength{\topmargin}{-1.59999pt}.

[3{/usr/share/texlive/texmf-dist/fonts/enc/dvips/cm-super/cm-super-ts1.enc}]

Package fancyhdr Warning: \headheight is too small (12.0pt): 
(fancyhdr)                Make it at least 13.59999pt, for example:
(fancyhdr)                \setlength{\headheight}{13.59999pt}.
(fancyhdr)                You might also make \topmargin smaller to compensate:

(fancyhdr)                \addtolength{\topmargin}{-1.59999pt}.

[4 <./vertopal_949f0de44c59406998abca066c65aa34/media/image3.png>]

Package fancyhdr Warning: \headheight is too small (12.0pt): 
(fancyhdr)                Make it at least 13.59999pt, for example:
(fancyhdr)                \setlength{\headheight}{13.59999pt}.
(fancyhdr)                You might also make \topmargin smaller to compensate:

(fancyhdr)                \addtolength{\topmargin}{-1.59999pt}.

[5]
<vertopal_949f0de44c59406998abca066c65aa34/media/image4.png, id=185, 578.16pt x
 433.62pt>
File: vertopal_949f0de44c59406998abca066c65aa34/media/image4.png Graphic file (
type png)
<use vertopal_949f0de44c59406998abca066c65aa34/media/image4.png>
Package pdftex.def Info: vertopal_949f0de44c59406998abca066c65aa34/media/image4
.png  used on input line 288.
(pdftex.def)             Requested size: 386.96027pt x 290.21953pt.


Package fancyhdr Warning: \headheight is too small (12.0pt): 
(fancyhdr)                Make it at least 13.59999pt, for example:
(fancyhdr)                \setlength{\headheight}{13.59999pt}.
(fancyhdr)                You might also make \topmargin smaller to compensate:

(fancyhdr)                \addtolength{\topmargin}{-1.59999pt}.

[6]
<vertopal_949f0de44c59406998abca066c65aa34/media/image5.png, id=193, 516.42938p
t x 55.70813pt>
File: vertopal_949f0de44c59406998abca066c65aa34/media/image5.png Graphic file (
type png)
<use vertopal_949f0de44c59406998abca066c65aa34/media/image5.png>
Package pdftex.def Info: vertopal_949f0de44c59406998abca066c65aa34/media/image5
.png  used on input line 297.
(pdftex.def)             Requested size: 455.24411pt x 49.10999pt.


Package fancyhdr Warning: \headheight is too small (12.0pt): 
(fancyhdr)                Make it at least 13.59999pt, for example:
(fancyhdr)                \setlength{\headheight}{13.59999pt}.
(fancyhdr)                You might also make \topmargin smaller to compensate:

(fancyhdr)                \addtolength{\topmargin}{-1.59999pt}.

[7 <./vertopal_949f0de44c59406998abca066c65aa34/media/image4.png> <./vertopal_9
49f0de44c59406998abca066c65aa34/media/image5.png>]
<vertopal_949f0de44c59406998abca066c65aa34/media/image6.png, id=201, 578.16pt x
 433.62pt>
File: vertopal_949f0de44c59406998abca066c65aa34/media/image6.png Graphic file (
type png)
<use vertopal_949f0de44c59406998abca066c65aa34/media/image6.png>
Package pdftex.def Info: vertopal_949f0de44c59406998abca066c65aa34/media/image6
.png  used on input line 360.
(pdftex.def)             Requested size: 386.96027pt x 290.21953pt.


Package fancyhdr Warning: \headheight is too small (12.0pt): 
(fancyhdr)                Make it at least 13.59999pt, for example:
(fancyhdr)                \setlength{\headheight}{13.59999pt}.
(fancyhdr)                You might also make \topmargin smaller to compensate:

(fancyhdr)                \addtolength{\topmargin}{-1.59999pt}.

[8]
<vertopal_949f0de44c59406998abca066c65aa34/media/image7.png, id=208, 518.6878pt
 x 54.9553pt>
File: vertopal_949f0de44c59406998abca066c65aa34/media/image7.png Graphic file (
type png)
<use vertopal_949f0de44c59406998abca066c65aa34/media/image7.png>
Package pdftex.def Info: vertopal_949f0de44c59406998abca066c65aa34/media/image7
.png  used on input line 369.
(pdftex.def)             Requested size: 455.24411pt x 48.23586pt.


Package fancyhdr Warning: \headheight is too small (12.0pt): 
(fancyhdr)                Make it at least 13.59999pt, for example:
(fancyhdr)                \setlength{\headheight}{13.59999pt}.
(fancyhdr)                You might also make \topmargin smaller to compensate:

(fancyhdr)                \addtolength{\topmargin}{-1.59999pt}.

[9 <./vertopal_949f0de44c59406998abca066c65aa34/media/image6.png> <./vertopal_9
49f0de44c59406998abca066c65aa34/media/image7.png>]
<vertopal_949f0de44c59406998abca066c65aa34/media/image8.png, id=216, 578.16pt x
 433.62pt>
File: vertopal_949f0de44c59406998abca066c65aa34/media/image8.png Graphic file (
type png)
<use vertopal_949f0de44c59406998abca066c65aa34/media/image8.png>
Package pdftex.def Info: vertopal_949f0de44c59406998abca066c65aa34/media/image8
.png  used on input line 436.
(pdftex.def)             Requested size: 386.96027pt x 290.21953pt.


Package fancyhdr Warning: \headheight is too small (12.0pt): 
(fancyhdr)                Make it at least 13.59999pt, for example:
(fancyhdr)                \setlength{\headheight}{13.59999pt}.
(fancyhdr)                You might also make \topmargin smaller to compensate:

(fancyhdr)                \addtolength{\topmargin}{-1.59999pt}.

[10]
<vertopal_949f0de44c59406998abca066c65aa34/media/image9.png, id=223, 513.41812p
t x 61.73062pt>
File: vertopal_949f0de44c59406998abca066c65aa34/media/image9.png Graphic file (
type png)
<use vertopal_949f0de44c59406998abca066c65aa34/media/image9.png>
Package pdftex.def Info: vertopal_949f0de44c59406998abca066c65aa34/media/image9
.png  used on input line 445.
(pdftex.def)             Requested size: 455.24411pt x 54.7366pt.
<vertopal_949f0de44c59406998abca066c65aa34/media/image10.png, id=224, 578.16pt 
x 433.62pt>
File: vertopal_949f0de44c59406998abca066c65aa34/media/image10.png Graphic file 
(type png)
<use vertopal_949f0de44c59406998abca066c65aa34/media/image10.png>
Package pdftex.def Info: vertopal_949f0de44c59406998abca066c65aa34/media/image1
0.png  used on input line 468.
(pdftex.def)             Requested size: 386.96027pt x 290.21953pt.


Package fancyhdr Warning: \headheight is too small (12.0pt): 
(fancyhdr)                Make it at least 13.59999pt, for example:
(fancyhdr)                \setlength{\headheight}{13.59999pt}.
(fancyhdr)                You might also make \topmargin smaller to compensate:

(fancyhdr)                \addtolength{\topmargin}{-1.59999pt}.

[11 <./vertopal_949f0de44c59406998abca066c65aa34/media/image8.png> <./vertopal_
949f0de44c59406998abca066c65aa34/media/image9.png>]
<vertopal_949f0de44c59406998abca066c65aa34/media/image11.png, id=232, 578.16pt 
x 433.62pt>
File: vertopal_949f0de44c59406998abca066c65aa34/media/image11.png Graphic file 
(type png)
<use vertopal_949f0de44c59406998abca066c65aa34/media/image11.png>
Package pdftex.def Info: vertopal_949f0de44c59406998abca066c65aa34/media/image1
1.png  used on input line 484.
(pdftex.def)             Requested size: 386.96027pt x 290.21953pt.


Package fancyhdr Warning: \headheight is too small (12.0pt): 
(fancyhdr)                Make it at least 13.59999pt, for example:
(fancyhdr)                \setlength{\headheight}{13.59999pt}.
(fancyhdr)                You might also make \topmargin smaller to compensate:

(fancyhdr)                \addtolength{\topmargin}{-1.59999pt}.

[12 <./vertopal_949f0de44c59406998abca066c65aa34/media/image10.png>]

Package fancyhdr Warning: \headheight is too small (12.0pt): 
(fancyhdr)                Make it at least 13.59999pt, for example:
(fancyhdr)                \setlength{\headheight}{13.59999pt}.
(fancyhdr)                You might also make \topmargin smaller to compensate:

(fancyhdr)                \addtolength{\topmargin}{-1.59999pt}.

[13 <./vertopal_949f0de44c59406998abca066c65aa34/media/image11.png>]

Package fancyhdr Warning: \headheight is too small (12.0pt): 
(fancyhdr)                Make it at least 13.59999pt, for example:
(fancyhdr)                \setlength{\headheight}{13.59999pt}.
(fancyhdr)                You might also make \topmargin smaller to compensate:

(fancyhdr)                \addtolength{\topmargin}{-1.59999pt}.

[14]
<vertopal_949f0de44c59406998abca066c65aa34/media/image12.png, id=249, 722.7pt x
 542.025pt>
File: vertopal_949f0de44c59406998abca066c65aa34/media/image12.png Graphic file 
(type png)
<use vertopal_949f0de44c59406998abca066c65aa34/media/image12.png>
Package pdftex.def Info: vertopal_949f0de44c59406998abca066c65aa34/media/image1
2.png  used on input line 592.
(pdftex.def)             Requested size: 386.96027pt x 290.22449pt.


Package fancyhdr Warning: \headheight is too small (12.0pt): 
(fancyhdr)                Make it at least 13.59999pt, for example:
(fancyhdr)                \setlength{\headheight}{13.59999pt}.
(fancyhdr)                You might also make \topmargin smaller to compensate:

(fancyhdr)                \addtolength{\topmargin}{-1.59999pt}.

[15]
<vertopal_949f0de44c59406998abca066c65aa34/media/image13.png, id=255, 511.15968
pt x 57.96657pt>
File: vertopal_949f0de44c59406998abca066c65aa34/media/image13.png Graphic file 
(type png)
<use vertopal_949f0de44c59406998abca066c65aa34/media/image13.png>
Package pdftex.def Info: vertopal_949f0de44c59406998abca066c65aa34/media/image1
3.png  used on input line 601.
(pdftex.def)             Requested size: 455.24411pt x 51.62544pt.


Package fancyhdr Warning: \headheight is too small (12.0pt): 
(fancyhdr)                Make it at least 13.59999pt, for example:
(fancyhdr)                \setlength{\headheight}{13.59999pt}.
(fancyhdr)                You might also make \topmargin smaller to compensate:

(fancyhdr)                \addtolength{\topmargin}{-1.59999pt}.

[16 <./vertopal_949f0de44c59406998abca066c65aa34/media/image12.png> <./vertopal
_949f0de44c59406998abca066c65aa34/media/image13.png>]
<vertopal_949f0de44c59406998abca066c65aa34/media/image14.png, id=262, 722.7pt x
 542.025pt>
File: vertopal_949f0de44c59406998abca066c65aa34/media/image14.png Graphic file 
(type png)
<use vertopal_949f0de44c59406998abca066c65aa34/media/image14.png>
Package pdftex.def Info: vertopal_949f0de44c59406998abca066c65aa34/media/image1
4.png  used on input line 659.
(pdftex.def)             Requested size: 386.96027pt x 290.22449pt.
<vertopal_949f0de44c59406998abca066c65aa34/media/image15.png, id=263, 508.90125
pt x 57.21375pt>
File: vertopal_949f0de44c59406998abca066c65aa34/media/image15.png Graphic file 
(type png)
<use vertopal_949f0de44c59406998abca066c65aa34/media/image15.png>
Package pdftex.def Info: vertopal_949f0de44c59406998abca066c65aa34/media/image1
5.png  used on input line 668.
(pdftex.def)             Requested size: 455.24411pt x 51.1837pt.


Package fancyhdr Warning: \headheight is too small (12.0pt): 
(fancyhdr)                Make it at least 13.59999pt, for example:
(fancyhdr)                \setlength{\headheight}{13.59999pt}.
(fancyhdr)                You might also make \topmargin smaller to compensate:

(fancyhdr)                \addtolength{\topmargin}{-1.59999pt}.

[17 <./vertopal_949f0de44c59406998abca066c65aa34/media/image14.png>]
<vertopal_949f0de44c59406998abca066c65aa34/media/image16.png, id=270, 722.7pt x
 542.025pt>
File: vertopal_949f0de44c59406998abca066c65aa34/media/image16.png Graphic file 
(type png)
<use vertopal_949f0de44c59406998abca066c65aa34/media/image16.png>
Package pdftex.def Info: vertopal_949f0de44c59406998abca066c65aa34/media/image1
6.png  used on input line 721.
(pdftex.def)             Requested size: 386.96027pt x 290.22449pt.


Package fancyhdr Warning: \headheight is too small (12.0pt): 
(fancyhdr)                Make it at least 13.59999pt, for example:
(fancyhdr)                \setlength{\headheight}{13.59999pt}.
(fancyhdr)                You might also make \topmargin smaller to compensate:

(fancyhdr)                \addtolength{\topmargin}{-1.59999pt}.

[18 <./vertopal_949f0de44c59406998abca066c65aa34/media/image15.png>]
<vertopal_949f0de44c59406998abca066c65aa34/media/image17.png, id=278, 514.92375
pt x 57.96657pt>
File: vertopal_949f0de44c59406998abca066c65aa34/media/image17.png Graphic file 
(type png)
<use vertopal_949f0de44c59406998abca066c65aa34/media/image17.png>
Package pdftex.def Info: vertopal_949f0de44c59406998abca066c65aa34/media/image1
7.png  used on input line 730.
(pdftex.def)             Requested size: 455.24411pt x 51.24954pt.
<vertopal_949f0de44c59406998abca066c65aa34/media/image18.png, id=279, 722.7pt x
 542.025pt>
File: vertopal_949f0de44c59406998abca066c65aa34/media/image18.png Graphic file 
(type png)
<use vertopal_949f0de44c59406998abca066c65aa34/media/image18.png>
Package pdftex.def Info: vertopal_949f0de44c59406998abca066c65aa34/media/image1
8.png  used on input line 753.
(pdftex.def)             Requested size: 386.96027pt x 290.22449pt.


Package fancyhdr Warning: \headheight is too small (12.0pt): 
(fancyhdr)                Make it at least 13.59999pt, for example:
(fancyhdr)                \setlength{\headheight}{13.59999pt}.
(fancyhdr)                You might also make \topmargin smaller to compensate:

(fancyhdr)                \addtolength{\topmargin}{-1.59999pt}.

[19 <./vertopal_949f0de44c59406998abca066c65aa34/media/image16.png> <./vertopal
_949f0de44c59406998abca066c65aa34/media/image17.png>]
<vertopal_949f0de44c59406998abca066c65aa34/media/image19.png, id=287, 1110.0672
pt x 557.9244pt>
File: vertopal_949f0de44c59406998abca066c65aa34/media/image19.png Graphic file 
(type png)
<use vertopal_949f0de44c59406998abca066c65aa34/media/image19.png>
Package pdftex.def Info: vertopal_949f0de44c59406998abca066c65aa34/media/image1
9.png  used on input line 770.
(pdftex.def)             Requested size: 386.96027pt x 194.48473pt.

Overfull \hbox (38.66646pt too wide) in paragraph at lines 778--787
 [][] 
 []


Package fancyhdr Warning: \headheight is too small (12.0pt): 
(fancyhdr)                Make it at least 13.59999pt, for example:
(fancyhdr)                \setlength{\headheight}{13.59999pt}.
(fancyhdr)                You might also make \topmargin smaller to compensate:

(fancyhdr)                \addtolength{\topmargin}{-1.59999pt}.

[20 <./vertopal_949f0de44c59406998abca066c65aa34/media/image18.png> <./vertopal
_949f0de44c59406998abca066c65aa34/media/image19.png>]
<vertopal_949f0de44c59406998abca066c65aa34/media/image20.png, id=294, 338.76563
pt x 54.2025pt>
File: vertopal_949f0de44c59406998abca066c65aa34/media/image20.png Graphic file 
(type png)
<use vertopal_949f0de44c59406998abca066c65aa34/media/image20.png>
Package pdftex.def Info: vertopal_949f0de44c59406998abca066c65aa34/media/image2
0.png  used on input line 815.
(pdftex.def)             Requested size: 213.96529pt x 34.23541pt.
<vertopal_949f0de44c59406998abca066c65aa34/media/image21.png, id=295, 646.66594
pt x 553.31718pt>
File: vertopal_949f0de44c59406998abca066c65aa34/media/image21.png Graphic file 
(type png)
<use vertopal_949f0de44c59406998abca066c65aa34/media/image21.png>
Package pdftex.def Info: vertopal_949f0de44c59406998abca066c65aa34/media/image2
1.png  used on input line 821.
(pdftex.def)             Requested size: 213.96529pt x 183.07648pt.
<vertopal_949f0de44c59406998abca066c65aa34/media/image22.png, id=296, 650.43pt 
x 505.89pt>
File: vertopal_949f0de44c59406998abca066c65aa34/media/image22.png Graphic file 
(type png)
<use vertopal_949f0de44c59406998abca066c65aa34/media/image22.png>
Package pdftex.def Info: vertopal_949f0de44c59406998abca066c65aa34/media/image2
2.png  used on input line 830.
(pdftex.def)             Requested size: 455.24411pt x 354.08969pt.


Package fancyhdr Warning: \headheight is too small (12.0pt): 
(fancyhdr)                Make it at least 13.59999pt, for example:
(fancyhdr)                \setlength{\headheight}{13.59999pt}.
(fancyhdr)                You might also make \topmargin smaller to compensate:

(fancyhdr)                \addtolength{\topmargin}{-1.59999pt}.

[21 <./vertopal_949f0de44c59406998abca066c65aa34/media/image20.png> <./vertopal
_949f0de44c59406998abca066c65aa34/media/image21.png>]
<vertopal_949f0de44c59406998abca066c65aa34/media/image23.png, id=304, 322.20375
pt x 60.225pt>
File: vertopal_949f0de44c59406998abca066c65aa34/media/image23.png Graphic file 
(type png)
<use vertopal_949f0de44c59406998abca066c65aa34/media/image23.png>
Package pdftex.def Info: vertopal_949f0de44c59406998abca066c65aa34/media/image2
3.png  used on input line 837.
(pdftex.def)             Requested size: 455.24411pt x 85.09552pt.


Package fancyhdr Warning: \headheight is too small (12.0pt): 
(fancyhdr)                Make it at least 13.59999pt, for example:
(fancyhdr)                \setlength{\headheight}{13.59999pt}.
(fancyhdr)                You might also make \topmargin smaller to compensate:

(fancyhdr)                \addtolength{\topmargin}{-1.59999pt}.

[22 <./vertopal_949f0de44c59406998abca066c65aa34/media/image22.png> <./vertopal
_949f0de44c59406998abca066c65aa34/media/image23.png>]
<vertopal_949f0de44c59406998abca066c65aa34/media/image24.png, id=311, 502.87875
pt x 100.12407pt>
File: vertopal_949f0de44c59406998abca066c65aa34/media/image24.png Graphic file 
(type png)
<use vertopal_949f0de44c59406998abca066c65aa34/media/image24.png>
Package pdftex.def Info: vertopal_949f0de44c59406998abca066c65aa34/media/image2
4.png  used on input line 874.
(pdftex.def)             Requested size: 455.24411pt x 90.63942pt.


Package hyperref Warning: The anchor of a bookmark and its parent's must not
(hyperref)                be the same. Added a new anchor on input line 890.


Package fancyhdr Warning: \headheight is too small (12.0pt): 
(fancyhdr)                Make it at least 13.59999pt, for example:
(fancyhdr)                \setlength{\headheight}{13.59999pt}.
(fancyhdr)                You might also make \topmargin smaller to compensate:

(fancyhdr)                \addtolength{\topmargin}{-1.59999pt}.

[23 <./vertopal_949f0de44c59406998abca066c65aa34/media/image24.png>]
<vertopal_949f0de44c59406998abca066c65aa34/media/image25.png, id=317, 722.7pt x
 505.89pt>
File: vertopal_949f0de44c59406998abca066c65aa34/media/image25.png Graphic file 
(type png)
<use vertopal_949f0de44c59406998abca066c65aa34/media/image25.png>
Package pdftex.def Info: vertopal_949f0de44c59406998abca066c65aa34/media/image2
5.png  used on input line 931.
(pdftex.def)             Requested size: 373.3035pt x 261.31203pt.
<vertopal_949f0de44c59406998abca066c65aa34/media/image26.png, id=318, 1003.75pt
 x 702.625pt>
File: vertopal_949f0de44c59406998abca066c65aa34/media/image26.png Graphic file 
(type png)
<use vertopal_949f0de44c59406998abca066c65aa34/media/image26.png>
Package pdftex.def Info: vertopal_949f0de44c59406998abca066c65aa34/media/image2
6.png  used on input line 942.
(pdftex.def)             Requested size: 409.71692pt x 286.80229pt.


Package fancyhdr Warning: \headheight is too small (12.0pt): 
(fancyhdr)                Make it at least 13.59999pt, for example:
(fancyhdr)                \setlength{\headheight}{13.59999pt}.
(fancyhdr)                You might also make \topmargin smaller to compensate:

(fancyhdr)                \addtolength{\topmargin}{-1.59999pt}.

[24 <./vertopal_949f0de44c59406998abca066c65aa34/media/image25.png>]
<vertopal_949f0de44c59406998abca066c65aa34/media/image27.png, id=325, 528.47438
pt x 93.34875pt>
File: vertopal_949f0de44c59406998abca066c65aa34/media/image27.png Graphic file 
(type png)
<use vertopal_949f0de44c59406998abca066c65aa34/media/image27.png>
Package pdftex.def Info: vertopal_949f0de44c59406998abca066c65aa34/media/image2
7.png  used on input line 959.
(pdftex.def)             Requested size: 409.71692pt x 72.37158pt.
<vertopal_949f0de44c59406998abca066c65aa34/media/image28.png, id=326, 722.7pt x
 505.89pt>
File: vertopal_949f0de44c59406998abca066c65aa34/media/image28.png Graphic file 
(type png)
<use vertopal_949f0de44c59406998abca066c65aa34/media/image28.png>
Package pdftex.def Info: vertopal_949f0de44c59406998abca066c65aa34/media/image2
8.png  used on input line 976.
(pdftex.def)             Requested size: 409.71692pt x 286.801pt.


Package fancyhdr Warning: \headheight is too small (12.0pt): 
(fancyhdr)                Make it at least 13.59999pt, for example:
(fancyhdr)                \setlength{\headheight}{13.59999pt}.
(fancyhdr)                You might also make \topmargin smaller to compensate:

(fancyhdr)                \addtolength{\topmargin}{-1.59999pt}.

[25 <./vertopal_949f0de44c59406998abca066c65aa34/media/image26.png> <./vertopal
_949f0de44c59406998abca066c65aa34/media/image27.png>]
<vertopal_949f0de44c59406998abca066c65aa34/media/image29.png, id=334, 777.65532
pt x 180.675pt>
File: vertopal_949f0de44c59406998abca066c65aa34/media/image29.png Graphic file 
(type png)
<use vertopal_949f0de44c59406998abca066c65aa34/media/image29.png>
Package pdftex.def Info: vertopal_949f0de44c59406998abca066c65aa34/media/image2
9.png  used on input line 988.
(pdftex.def)             Requested size: 409.71692pt x 95.19212pt.
<vertopal_949f0de44c59406998abca066c65aa34/media/image30.png, id=335, 1003.75pt
 x 702.625pt>
File: vertopal_949f0de44c59406998abca066c65aa34/media/image30.png Graphic file 
(type png)
<use vertopal_949f0de44c59406998abca066c65aa34/media/image30.png>
Package pdftex.def Info: vertopal_949f0de44c59406998abca066c65aa34/media/image3
0.png  used on input line 1015.
(pdftex.def)             Requested size: 373.3035pt x 261.31804pt.


Package fancyhdr Warning: \headheight is too small (12.0pt): 
(fancyhdr)                Make it at least 13.59999pt, for example:
(fancyhdr)                \setlength{\headheight}{13.59999pt}.
(fancyhdr)                You might also make \topmargin smaller to compensate:

(fancyhdr)                \addtolength{\topmargin}{-1.59999pt}.

[26 <./vertopal_949f0de44c59406998abca066c65aa34/media/image28.png> <./vertopal
_949f0de44c59406998abca066c65aa34/media/image29.png>]
<vertopal_949f0de44c59406998abca066c65aa34/media/image31.png, id=343, 1003.75pt
 x 702.625pt>
File: vertopal_949f0de44c59406998abca066c65aa34/media/image31.png Graphic file 
(type png)
<use vertopal_949f0de44c59406998abca066c65aa34/media/image31.png>
Package pdftex.def Info: vertopal_949f0de44c59406998abca066c65aa34/media/image3
1.png  used on input line 1026.
(pdftex.def)             Requested size: 400.61703pt x 280.43391pt.


Package fancyhdr Warning: \headheight is too small (12.0pt): 
(fancyhdr)                Make it at least 13.59999pt, for example:
(fancyhdr)                \setlength{\headheight}{13.59999pt}.
(fancyhdr)                You might also make \topmargin smaller to compensate:

(fancyhdr)                \addtolength{\topmargin}{-1.59999pt}.

[27 <./vertopal_949f0de44c59406998abca066c65aa34/media/image30.png>]
<vertopal_949f0de44c59406998abca066c65aa34/media/image32.png, id=348, 525.46312
pt x 92.59593pt>
File: vertopal_949f0de44c59406998abca066c65aa34/media/image32.png Graphic file 
(type png)
<use vertopal_949f0de44c59406998abca066c65aa34/media/image32.png>
Package pdftex.def Info: vertopal_949f0de44c59406998abca066c65aa34/media/image3
2.png  used on input line 1037.
(pdftex.def)             Requested size: 409.71692pt x 72.2019pt.
<vertopal_949f0de44c59406998abca066c65aa34/media/image33.png, id=349, 1003.75pt
 x 702.625pt>
File: vertopal_949f0de44c59406998abca066c65aa34/media/image33.png Graphic file 
(type png)
<use vertopal_949f0de44c59406998abca066c65aa34/media/image33.png>
Package pdftex.def Info: vertopal_949f0de44c59406998abca066c65aa34/media/image3
3.png  used on input line 1054.
(pdftex.def)             Requested size: 400.61703pt x 280.43391pt.


Package fancyhdr Warning: \headheight is too small (12.0pt): 
(fancyhdr)                Make it at least 13.59999pt, for example:
(fancyhdr)                \setlength{\headheight}{13.59999pt}.
(fancyhdr)                You might also make \topmargin smaller to compensate:

(fancyhdr)                \addtolength{\topmargin}{-1.59999pt}.

[28 <./vertopal_949f0de44c59406998abca066c65aa34/media/image31.png> <./vertopal
_949f0de44c59406998abca066c65aa34/media/image32.png>]
<vertopal_949f0de44c59406998abca066c65aa34/media/image34.png, id=355, 776.14969
pt x 180.675pt>
File: vertopal_949f0de44c59406998abca066c65aa34/media/image34.png Graphic file 
(type png)
<use vertopal_949f0de44c59406998abca066c65aa34/media/image34.png>
Package pdftex.def Info: vertopal_949f0de44c59406998abca066c65aa34/media/image3
4.png  used on input line 1065.
(pdftex.def)             Requested size: 409.71692pt x 95.37683pt.

Overfull \hbox (27.94391pt too wide) in paragraph at lines 1084--1092
 [][] 
 []


Package fancyhdr Warning: \headheight is too small (12.0pt): 
(fancyhdr)                Make it at least 13.59999pt, for example:
(fancyhdr)                \setlength{\headheight}{13.59999pt}.
(fancyhdr)                You might also make \topmargin smaller to compensate:

(fancyhdr)                \addtolength{\topmargin}{-1.59999pt}.

[29 <./vertopal_949f0de44c59406998abca066c65aa34/media/image33.png> <./vertopal
_949f0de44c59406998abca066c65aa34/media/image34.png>]
<vertopal_949f0de44c59406998abca066c65aa34/media/image35.png, id=361, 722.7pt x
 505.89pt>
File: vertopal_949f0de44c59406998abca066c65aa34/media/image35.png Graphic file 
(type png)
<use vertopal_949f0de44c59406998abca066c65aa34/media/image35.png>
Package pdftex.def Info: vertopal_949f0de44c59406998abca066c65aa34/media/image3
5.png  used on input line 1105.
(pdftex.def)             Requested size: 213.96529pt x 149.7766pt.

Underfull \hbox (badness 5847) in paragraph at lines 1106--1106
[]\T1/cmr/m/n/10.95 (a) |Best Fit Model of Orig-i-nal Data
 []

<vertopal_949f0de44c59406998abca066c65aa34/media/image36.png, id=362, 722.7pt x
 505.89pt>
File: vertopal_949f0de44c59406998abca066c65aa34/media/image36.png Graphic file 
(type png)
<use vertopal_949f0de44c59406998abca066c65aa34/media/image36.png>
Package pdftex.def Info: vertopal_949f0de44c59406998abca066c65aa34/media/image3
6.png  used on input line 1110.
(pdftex.def)             Requested size: 213.96529pt x 149.7766pt.
<vertopal_949f0de44c59406998abca066c65aa34/media/image37.png, id=363, 461.47406
pt x 135.50626pt>
File: vertopal_949f0de44c59406998abca066c65aa34/media/image37.png Graphic file 
(type png)
<use vertopal_949f0de44c59406998abca066c65aa34/media/image37.png>
Package pdftex.def Info: vertopal_949f0de44c59406998abca066c65aa34/media/image3
7.png  used on input line 1122.
(pdftex.def)             Requested size: 455.24411pt x 133.67809pt.

Package fancyhdr Warning: \headheight is too small (12.0pt): 
(fancyhdr)                Make it at least 13.59999pt, for example:
(fancyhdr)                \setlength{\headheight}{13.59999pt}.
(fancyhdr)                You might also make \topmargin smaller to compensate:

(fancyhdr)                \addtolength{\topmargin}{-1.59999pt}.

[30 <./vertopal_949f0de44c59406998abca066c65aa34/media/image35.png> <./vertopal
_949f0de44c59406998abca066c65aa34/media/image36.png> <./vertopal_949f0de44c5940
6998abca066c65aa34/media/image37.png>]
<vertopal_949f0de44c59406998abca066c65aa34/media/image38.png, id=373, 515.67656
pt x 29.35968pt>
File: vertopal_949f0de44c59406998abca066c65aa34/media/image38.png Graphic file 
(type png)
<use vertopal_949f0de44c59406998abca066c65aa34/media/image38.png>
Package pdftex.def Info: vertopal_949f0de44c59406998abca066c65aa34/media/image3
8.png  used on input line 1166.
(pdftex.def)             Requested size: 455.24411pt x 25.9199pt.


Package fancyhdr Warning: \headheight is too small (12.0pt): 
(fancyhdr)                Make it at least 13.59999pt, for example:
(fancyhdr)                \setlength{\headheight}{13.59999pt}.
(fancyhdr)                You might also make \topmargin smaller to compensate:

(fancyhdr)                \addtolength{\topmargin}{-1.59999pt}.

[31 <./vertopal_949f0de44c59406998abca066c65aa34/media/image38.png>]
<vertopal_949f0de44c59406998abca066c65aa34/media/image39.png, id=381, 506.6428p
t x 26.34843pt>
File: vertopal_949f0de44c59406998abca066c65aa34/media/image39.png Graphic file 
(type png)
<use vertopal_949f0de44c59406998abca066c65aa34/media/image39.png>
Package pdftex.def Info: vertopal_949f0de44c59406998abca066c65aa34/media/image3
9.png  used on input line 1207.
(pdftex.def)             Requested size: 455.24411pt x 23.67596pt.


Package fancyhdr Warning: \headheight is too small (12.0pt): 
(fancyhdr)                Make it at least 13.59999pt, for example:
(fancyhdr)                \setlength{\headheight}{13.59999pt}.
(fancyhdr)                You might also make \topmargin smaller to compensate:

(fancyhdr)                \addtolength{\topmargin}{-1.59999pt}.

[32 <./vertopal_949f0de44c59406998abca066c65aa34/media/image39.png>]
(./part1_from_docx.aux)
Package rerunfilecheck Info: File `part1_from_docx.out' has not changed.
(rerunfilecheck)             Checksum: 73A2E64A5C497F52FA49769E73DFDEB3;2558.
 ) 
Here is how much of TeX's memory you used:
 14565 strings out of 477985
 242888 string characters out of 5839381
 1873388 words of memory out of 6000000
 34408 multiletter control sequences out of 15000+600000
 531097 words of font info for 75 fonts, out of 8000000 for 9000
 14 hyphenation exceptions out of 8191
 75i,13n,76p,1204b,551s stack positions out of 10000i,1000n,20000p,200000b,200000s
</usr/share/texlive/texmf-dist/fonts/type1/public/amsfonts/cm/cmbx12.pfb></us
r/share/texlive/texmf-dist/fonts/type1/public/amsfonts/cm/cmex10.pfb></usr/shar
e/texlive/texmf-dist/fonts/type1/public/amsfonts/cm/cmmi12.pfb></usr/share/texl
ive/texmf-dist/fonts/type1/public/amsfonts/cm/cmmi8.pfb></usr/share/texlive/tex
mf-dist/fonts/type1/public/amsfonts/cm/cmmib10.pfb></usr/share/texlive/texmf-di
st/fonts/type1/public/amsfonts/cm/cmr12.pfb></usr/share/texlive/texmf-dist/font
s/type1/public/amsfonts/cm/cmr8.pfb></usr/share/texlive/texmf-dist/fonts/type1/
public/amsfonts/cm/cmsy10.pfb></usr/share/texlive/texmf-dist/fonts/type1/public
/amsfonts/cm/cmsy8.pfb></usr/share/texlive/texmf-dist/fonts/type1/public/cm-sup
er/sfbx1200.pfb></usr/share/texlive/texmf-dist/fonts/type1/public/cm-super/sfbx
1440.pfb></usr/share/texlive/texmf-dist/fonts/type1/public/cm-super/sfbx1728.pf
b></usr/share/texlive/texmf-dist/fonts/type1/public/cm-super/sfbx2074.pfb></usr
/share/texlive/texmf-dist/fonts/type1/public/cm-super/sfrm0800.pfb></usr/share/
texlive/texmf-dist/fonts/type1/public/cm-super/sfrm1095.pfb></usr/share/texlive
/texmf-dist/fonts/type1/public/cm-super/sfrm1200.pfb></usr/share/texlive/texmf-
dist/fonts/type1/public/cm-super/sfrm1440.pfb></usr/share/texlive/texmf-dist/fo
nts/type1/public/cm-super/sfti1200.pfb>
Output written on part1_from_docx.pdf (33 pages, 1592900 bytes).
PDF statistics:
 491 PDF objects out of 1000 (max. 8388607)
 340 compressed objects within 4 object streams
 95 named destinations out of 1000 (max. 500000)
 300 words of extra memory for PDF output out of 10000 (max. 10000000)

