This is pdfTeX, Version 3.141592653-2.6-1.40.25 (TeX Live 2023) (preloaded format=pdflatex 2026.4.7)  7 APR 2026 20:02
entering extended mode
 restricted \write18 enabled.
 %&-line parsing enabled.
**report_pdflatex.tex
(./report_pdflatex.tex
LaTeX2e <2022-11-01> patch level 1
L3 programming layer <2023-02-22>
(/usr/share/texlive/texmf-dist/tex/latex/base/article.cls
Document Class: article 2022/07/02 v1.4n Standard LaTeX document class
(/usr/share/texlive/texmf-dist/tex/latex/base/size10.clo
File: size10.clo 2022/07/02 v1.4n Standard LaTeX file (size option)
)
\c@part=\count185
\c@section=\count186
\c@subsection=\count187
\c@subsubsection=\count188
\c@paragraph=\count189
\c@subparagraph=\count190
\c@figure=\count191
\c@table=\count192
\abovecaptionskip=\skip48
\belowcaptionskip=\skip49
\bibindent=\dimen140
)
(/usr/share/texlive/texmf-dist/tex/latex/amsmath/amsmath.sty
Package: amsmath 2022/04/08 v2.17n AMS math features
\@mathmargin=\skip50

For additional information on amsmath, use the `?' option.
(/usr/share/texlive/texmf-dist/tex/latex/amsmath/amstext.sty
Package: amstext 2021/08/26 v2.01 AMS text

(/usr/share/texlive/texmf-dist/tex/latex/amsmath/amsgen.sty
File: amsgen.sty 1999/11/30 v2.0 generic functions
\@emptytoks=\toks16
\ex@=\dimen141
))
(/usr/share/texlive/texmf-dist/tex/latex/amsmath/amsbsy.sty
Package: amsbsy 1999/11/29 v1.2d Bold Symbols
\pmbraise@=\dimen142
)
(/usr/share/texlive/texmf-dist/tex/latex/amsmath/amsopn.sty
Package: amsopn 2022/04/08 v2.04 operator names
)
\inf@bad=\count193
LaTeX Info: Redefining \frac on input line 234.
\uproot@=\count194
\leftroot@=\count195
LaTeX Info: Redefining \overline on input line 399.
LaTeX Info: Redefining \colon on input line 410.
\classnum@=\count196
\DOTSCASE@=\count197
LaTeX Info: Redefining \ldots on input line 496.
LaTeX Info: Redefining \dots on input line 499.
LaTeX Info: Redefining \cdots on input line 620.
\Mathstrutbox@=\box51
\strutbox@=\box52
LaTeX Info: Redefining \big on input line 722.
LaTeX Info: Redefining \Big on input line 723.
LaTeX Info: Redefining \bigg on input line 724.
LaTeX Info: Redefining \Bigg on input line 725.
\big@size=\dimen143
LaTeX Font Info:    Redeclaring font encoding OML on input line 743.
LaTeX Font Info:    Redeclaring font encoding OMS on input line 744.
\macc@depth=\count198
LaTeX Info: Redefining \bmod on input line 905.
LaTeX Info: Redefining \pmod on input line 910.
LaTeX Info: Redefining \smash on input line 940.
LaTeX Info: Redefining \relbar on input line 970.
LaTeX Info: Redefining \Relbar on input line 971.
\c@MaxMatrixCols=\count199
\dotsspace@=\muskip16
\c@parentequation=\count266
\dspbrk@lvl=\count267
\tag@help=\toks17
\row@=\count268
\column@=\count269
\maxfields@=\count270
\andhelp@=\toks18
\eqnshift@=\dimen144
\alignsep@=\dimen145
\tagshift@=\dimen146
\tagwidth@=\dimen147
\totwidth@=\dimen148
\lineht@=\dimen149
\@envbody=\toks19
\multlinegap=\skip51
\multlinetaggap=\skip52
\mathdisplay@stack=\toks20
LaTeX Info: Redefining \[ on input line 2953.
LaTeX Info: Redefining \] on input line 2954.
)
(/usr/share/texlive/texmf-dist/tex/latex/amsfonts/amssymb.sty
Package: amssymb 2013/01/14 v3.01 AMS font symbols

(/usr/share/texlive/texmf-dist/tex/latex/amsfonts/amsfonts.sty
Package: amsfonts 2013/01/14 v3.01 Basic AMSFonts support
\symAMSa=\mathgroup4
\symAMSb=\mathgroup5
LaTeX Font Info:    Redeclaring math symbol \hbar on input line 98.
LaTeX Font Info:    Overwriting math alphabet `\mathfrak' in version `bold'
(Font)                  U/euf/m/n --> U/euf/b/n on input line 106.
))
(/usr/share/texlive/texmf-dist/tex/latex/lm/lmodern.sty
Package: lmodern 2015/05/01 v1.6.1 Latin Modern Fonts
LaTeX Font Info:    Overwriting symbol font `operators' in version `normal'
(Font)                  OT1/cmr/m/n --> OT1/lmr/m/n on input line 22.
LaTeX Font Info:    Overwriting symbol font `letters' in version `normal'
(Font)                  OML/cmm/m/it --> OML/lmm/m/it on input line 23.
LaTeX Font Info:    Overwriting symbol font `symbols' in version `normal'
(Font)                  OMS/cmsy/m/n --> OMS/lmsy/m/n on input line 24.
LaTeX Font Info:    Overwriting symbol font `largesymbols' in version `normal'
(Font)                  OMX/cmex/m/n --> OMX/lmex/m/n on input line 25.
LaTeX Font Info:    Overwriting symbol font `operators' in version `bold'
(Font)                  OT1/cmr/bx/n --> OT1/lmr/bx/n on input line 26.
LaTeX Font Info:    Overwriting symbol font `letters' in version `bold'
(Font)                  OML/cmm/b/it --> OML/lmm/b/it on input line 27.
LaTeX Font Info:    Overwriting symbol font `symbols' in version `bold'
(Font)                  OMS/cmsy/b/n --> OMS/lmsy/b/n on input line 28.
LaTeX Font Info:    Overwriting symbol font `largesymbols' in version `bold'
(Font)                  OMX/cmex/m/n --> OMX/lmex/m/n on input line 29.
LaTeX Font Info:    Overwriting math alphabet `\mathbf' in version `normal'
(Font)                  OT1/cmr/bx/n --> OT1/lmr/bx/n on input line 31.
LaTeX Font Info:    Overwriting math alphabet `\mathsf' in version `normal'
(Font)                  OT1/cmss/m/n --> OT1/lmss/m/n on input line 32.
LaTeX Font Info:    Overwriting math alphabet `\mathit' in version `normal'
(Font)                  OT1/cmr/m/it --> OT1/lmr/m/it on input line 33.
LaTeX Font Info:    Overwriting math alphabet `\mathtt' in version `normal'
(Font)                  OT1/cmtt/m/n --> OT1/lmtt/m/n on input line 34.
LaTeX Font Info:    Overwriting math alphabet `\mathbf' in version `bold'
(Font)                  OT1/cmr/bx/n --> OT1/lmr/bx/n on input line 35.
LaTeX Font Info:    Overwriting math alphabet `\mathsf' in version `bold'
(Font)                  OT1/cmss/bx/n --> OT1/lmss/bx/n on input line 36.
LaTeX Font Info:    Overwriting math alphabet `\mathit' in version `bold'
(Font)                  OT1/cmr/bx/it --> OT1/lmr/bx/it on input line 37.
LaTeX Font Info:    Overwriting math alphabet `\mathtt' in version `bold'
(Font)                  OT1/cmtt/m/n --> OT1/lmtt/m/n on input line 38.
)
(/usr/share/texlive/texmf-dist/tex/generic/iftex/iftex.sty
Package: iftex 2022/02/03 v1.0f TeX engine tests
)
(/usr/share/texlive/texmf-dist/tex/latex/geometry/geometry.sty
Package: geometry 2020/01/02 v5.9 Page Geometry

(/usr/share/texlive/texmf-dist/tex/latex/graphics/keyval.sty
Package: keyval 2022/05/29 v1.15 key=value parser (DPC)
\KV@toks@=\toks21
)
(/usr/share/texlive/texmf-dist/tex/generic/iftex/ifvtex.sty
Package: ifvtex 2019/10/25 v1.7 ifvtex legacy package. Use iftex instead.
)
\Gm@cnth=\count271
\Gm@cntv=\count272
\c@Gm@tempcnt=\count273
\Gm@bindingoffset=\dimen150
\Gm@wd@mp=\dimen151
\Gm@odd@mp=\dimen152
\Gm@even@mp=\dimen153
\Gm@layoutwidth=\dimen154
\Gm@layoutheight=\dimen155
\Gm@layouthoffset=\dimen156
\Gm@layoutvoffset=\dimen157
\Gm@dimlist=\toks22
)
(/usr/share/texlive/texmf-dist/tex/latex/base/fontenc.sty
Package: fontenc 2021/04/29 v2.0v Standard LaTeX package
LaTeX Font Info:    Trying to load font information for T1+lmr on input line 11
2.

(/usr/share/texlive/texmf-dist/tex/latex/lm/t1lmr.fd
File: t1lmr.fd 2015/05/01 v1.6.1 Font defs for Latin Modern
))
(/usr/share/texlive/texmf-dist/tex/latex/base/inputenc.sty
Package: inputenc 2021/02/14 v1.3d Input encoding file
\inpenc@prehook=\toks23
\inpenc@posthook=\toks24
)
(/usr/share/texlive/texmf-dist/tex/latex/base/textcomp.sty
Package: textcomp 2020/02/02 v2.0n Standard LaTeX package
)
(/usr/share/texlive/texmf-dist/tex/latex/newunicodechar/newunicodechar.sty
Package: newunicodechar 2018/04/08 v1.2 Defining Unicode characters
)

Package newunicodechar Warning: Redefining Unicode character on input line 28.


Package newunicodechar Warning: Redefining Unicode character on input line 29.


Package newunicodechar Warning: Redefining Unicode character on input line 30.


Package newunicodechar Warning: Redefining Unicode character on input line 39.


Package newunicodechar Warning: Redefining Unicode character on input line 40.


Package newunicodechar Warning: Redefining Unicode character on input line 41.


Package newunicodechar Warning: Redefining Unicode character on input line 44.

(/usr/share/texlive/texmf-dist/tex/latex/parskip/parskip.sty
Package: parskip 2021-03-14 v2.0h non-zero parskip adjustments

(/usr/share/texlive/texmf-dist/tex/latex/kvoptions/kvoptions.sty
Package: kvoptions 2022-06-15 v3.15 Key value format for package options (HO)

(/usr/share/texlive/texmf-dist/tex/generic/ltxcmds/ltxcmds.sty
Package: ltxcmds 2020-05-10 v1.25 LaTeX kernel commands for general use (HO)
)
(/usr/share/texlive/texmf-dist/tex/latex/kvsetkeys/kvsetkeys.sty
Package: kvsetkeys 2022-10-05 v1.19 Key value parser (HO)
))
(/usr/share/texlive/texmf-dist/tex/latex/etoolbox/etoolbox.sty
Package: etoolbox 2020/10/05 v2.5k e-TeX tools for LaTeX (JAW)
\etb@tempcnta=\count274
))
(/usr/share/texlive/texmf-dist/tex/latex/enumitem/enumitem.sty
Package: enumitem 2019/06/20 v3.9 Customized lists
\labelindent=\skip53
\enit@outerparindent=\dimen158
\enit@toks=\toks25
\enit@inbox=\box53
\enit@count@id=\count275
\enitdp@description=\count276
)
(/usr/share/texlive/texmf-dist/tex/latex/xcolor/xcolor.sty
Package: xcolor 2022/06/12 v2.14 LaTeX color extensions (UK)

(/usr/share/texlive/texmf-dist/tex/latex/graphics-cfg/color.cfg
File: color.cfg 2016/01/02 v1.6 sample color configuration
)
Package xcolor Info: Driver file: pdftex.def on input line 227.

(/usr/share/texlive/texmf-dist/tex/latex/graphics-def/pdftex.def
File: pdftex.def 2022/09/22 v1.2b Graphics/color driver for pdftex
)
(/usr/share/texlive/texmf-dist/tex/latex/graphics/mathcolor.ltx)
Package xcolor Info: Model `cmy' substituted by `cmy0' on input line 1353.
Package xcolor Info: Model `hsb' substituted by `rgb' on input line 1357.
Package xcolor Info: Model `RGB' extended on input line 1369.
Package xcolor Info: Model `HTML' substituted by `rgb' on input line 1371.
Package xcolor Info: Model `Hsb' substituted by `hsb' on input line 1372.
Package xcolor Info: Model `tHsb' substituted by `hsb' on input line 1373.
Package xcolor Info: Model `HSB' substituted by `hsb' on input line 1374.
Package xcolor Info: Model `Gray' substituted by `gray' on input line 1375.
Package xcolor Info: Model `wave' substituted by `hsb' on input line 1376.
)
(/usr/share/texlive/texmf-dist/tex/latex/caption/caption.sty
Package: caption 2023/03/12 v3.6j Customizing captions (AR)

(/usr/share/texlive/texmf-dist/tex/latex/caption/caption3.sty
Package: caption3 2023/03/12 v2.4 caption3 kernel (AR)
\caption@tempdima=\dimen159
\captionmargin=\dimen160
\caption@leftmargin=\dimen161
\caption@rightmargin=\dimen162
\caption@width=\dimen163
\caption@indent=\dimen164
\caption@parindent=\dimen165
\caption@hangindent=\dimen166
Package caption Info: Standard document class detected.
)
\c@caption@flags=\count277
\c@continuedfloat=\count278
)
(/usr/share/texlive/texmf-dist/tex/latex/tools/longtable.sty
Package: longtable 2021-09-01 v4.17 Multi-page Table package (DPC)
\LTleft=\skip54
\LTright=\skip55
\LTpre=\skip56
\LTpost=\skip57
\LTchunksize=\count279
\LTcapwidth=\dimen167
\LT@head=\box54
\LT@firsthead=\box55
\LT@foot=\box56
\LT@lastfoot=\box57
\LT@gbox=\box58
\LT@cols=\count280
\LT@rows=\count281
\c@LT@tables=\count282
\c@LT@chunks=\count283
\LT@p@ftn=\toks26
)
(/usr/share/texlive/texmf-dist/tex/latex/booktabs/booktabs.sty
Package: booktabs 2020/01/12 v1.61803398 Publication quality tables
\heavyrulewidth=\dimen168
\lightrulewidth=\dimen169
\cmidrulewidth=\dimen170
\belowrulesep=\dimen171
\belowbottomsep=\dimen172
\aboverulesep=\dimen173
\abovetopsep=\dimen174
\cmidrulesep=\dimen175
\cmidrulekern=\dimen176
\defaultaddspace=\dimen177
\@cmidla=\count284
\@cmidlb=\count285
\@aboverulesep=\dimen178
\@belowrulesep=\dimen179
\@thisruleclass=\count286
\@lastruleclass=\count287
\@thisrulewidth=\dimen180
)
(/usr/share/texlive/texmf-dist/tex/latex/tools/array.sty
Package: array 2022/09/04 v2.5g Tabular extension package (FMi)
\col@sep=\dimen181
\ar@mcellbox=\box59
\extrarowheight=\dimen182
\NC@list=\toks27
\extratabsurround=\skip58
\backup@length=\skip59
\ar@cellbox=\box60
)
(/usr/share/texlive/texmf-dist/tex/latex/tools/calc.sty
Package: calc 2017/05/25 v4.3 Infix arithmetic (KKT,FJ)
\calc@Acount=\count288
\calc@Bcount=\count289
\calc@Adimen=\dimen183
\calc@Bdimen=\dimen184
\calc@Askip=\skip60
\calc@Bskip=\skip61
LaTeX Info: Redefining \setlength on input line 80.
LaTeX Info: Redefining \addtolength on input line 81.
\calc@Ccount=\count290
\calc@Cskip=\skip62
)
(/usr/share/texlive/texmf-dist/tex/latex/graphics/graphicx.sty
Package: graphicx 2021/09/16 v1.2d Enhanced LaTeX Graphics (DPC,SPQR)

(/usr/share/texlive/texmf-dist/tex/latex/graphics/graphics.sty
Package: graphics 2022/03/10 v1.4e Standard LaTeX Graphics (DPC,SPQR)

(/usr/share/texlive/texmf-dist/tex/latex/graphics/trig.sty
Package: trig 2021/08/11 v1.11 sin cos tan (DPC)
)
(/usr/share/texlive/texmf-dist/tex/latex/graphics-cfg/graphics.cfg
File: graphics.cfg 2016/06/04 v1.11 sample graphics configuration
)
Package graphics Info: Driver file: pdftex.def on input line 107.
)
\Gin@req@height=\dimen185
\Gin@req@width=\dimen186
)
(/usr/share/texlive/texmf-dist/tex/latex/bookmark/bookmark.sty
Package: bookmark 2020-11-06 v1.29 PDF bookmarks (HO)

(/usr/share/texlive/texmf-dist/tex/latex/hyperref/hyperref.sty
Package: hyperref 2023-02-07 v7.00v Hypertext links for LaTeX

(/usr/share/texlive/texmf-dist/tex/generic/pdftexcmds/pdftexcmds.sty
Package: pdftexcmds 2020-06-27 v0.33 Utility functions of pdfTeX for LuaTeX (HO
)

(/usr/share/texlive/texmf-dist/tex/generic/infwarerr/infwarerr.sty
Package: infwarerr 2019/12/03 v1.5 Providing info/warning/error messages (HO)
)
Package pdftexcmds Info: \pdf@primitive is available.
Package pdftexcmds Info: \pdf@ifprimitive is available.
Package pdftexcmds Info: \pdfdraftmode found.
)
(/usr/share/texlive/texmf-dist/tex/generic/kvdefinekeys/kvdefinekeys.sty
Package: kvdefinekeys 2019-12-19 v1.6 Define keys (HO)
)
(/usr/share/texlive/texmf-dist/tex/generic/pdfescape/pdfescape.sty
Package: pdfescape 2019/12/09 v1.15 Implements pdfTeX's escape features (HO)
)
(/usr/share/texlive/texmf-dist/tex/latex/hycolor/hycolor.sty
Package: hycolor 2020-01-27 v1.10 Color options for hyperref/bookmark (HO)
)
(/usr/share/texlive/texmf-dist/tex/latex/letltxmacro/letltxmacro.sty
Package: letltxmacro 2019/12/03 v1.6 Let assignment for LaTeX macros (HO)
)
(/usr/share/texlive/texmf-dist/tex/latex/auxhook/auxhook.sty
Package: auxhook 2019-12-17 v1.6 Hooks for auxiliary files (HO)
)
(/usr/share/texlive/texmf-dist/tex/latex/hyperref/nameref.sty
Package: nameref 2022-05-17 v2.50 Cross-referencing by name of section

(/usr/share/texlive/texmf-dist/tex/latex/refcount/refcount.sty
Package: refcount 2019/12/15 v3.6 Data extraction from label references (HO)
)
(/usr/share/texlive/texmf-dist/tex/generic/gettitlestring/gettitlestring.sty
Package: gettitlestring 2019/12/15 v1.6 Cleanup title references (HO)
)
\c@section@level=\count291
)
\@linkdim=\dimen187
\Hy@linkcounter=\count292
\Hy@pagecounter=\count293

(/usr/share/texlive/texmf-dist/tex/latex/hyperref/pd1enc.def
File: pd1enc.def 2023-02-07 v7.00v Hyperref: PDFDocEncoding definition (HO)
Now handling font encoding PD1 ...
... no UTF-8 mapping file for font encoding PD1
)
(/usr/share/texlive/texmf-dist/tex/generic/intcalc/intcalc.sty
Package: intcalc 2019/12/15 v1.3 Expandable calculations with integers (HO)
)
(/usr/share/texlive/texmf-dist/tex/generic/etexcmds/etexcmds.sty
Package: etexcmds 2019/12/15 v1.7 Avoid name clashes with e-TeX commands (HO)
)
\Hy@SavedSpaceFactor=\count294

(/usr/share/texlive/texmf-dist/tex/latex/hyperref/puenc.def
File: puenc.def 2023-02-07 v7.00v Hyperref: PDF Unicode definition (HO)
Now handling font encoding PU ...
... no UTF-8 mapping file for font encoding PU
)
Package hyperref Info: Option `unicode' set `true' on input line 4060.
Package hyperref Info: Hyper figures OFF on input line 4177.
Package hyperref Info: Link nesting OFF on input line 4182.
Package hyperref Info: Hyper index ON on input line 4185.
Package hyperref Info: Plain pages OFF on input line 4192.
Package hyperref Info: Backreferencing OFF on input line 4197.
Package hyperref Info: Implicit mode ON; LaTeX internals redefined.
Package hyperref Info: Bookmarks ON on input line 4425.
\c@Hy@tempcnt=\count295

(/usr/share/texlive/texmf-dist/tex/latex/url/url.sty
\Urlmuskip=\muskip17
Package: url 2013/09/16  ver 3.4  Verb mode for urls, etc.
)
LaTeX Info: Redefining \url on input line 4763.
\XeTeXLinkMargin=\dimen188

(/usr/share/texlive/texmf-dist/tex/generic/bitset/bitset.sty
Package: bitset 2019/12/09 v1.3 Handle bit-vector datatype (HO)

(/usr/share/texlive/texmf-dist/tex/generic/bigintcalc/bigintcalc.sty
Package: bigintcalc 2019/12/15 v1.5 Expandable calculations on big integers (HO
)
))
\Fld@menulength=\count296
\Field@Width=\dimen189
\Fld@charsize=\dimen190
Package hyperref Info: Hyper figures OFF on input line 6042.
Package hyperref Info: Link nesting OFF on input line 6047.
Package hyperref Info: Hyper index ON on input line 6050.
Package hyperref Info: backreferencing OFF on input line 6057.
Package hyperref Info: Link coloring OFF on input line 6062.
Package hyperref Info: Link coloring with OCG OFF on input line 6067.
Package hyperref Info: PDF/A mode OFF on input line 6072.

(/usr/share/texlive/texmf-dist/tex/latex/base/atbegshi-ltx.sty
Package: atbegshi-ltx 2021/01/10 v1.0c Emulation of the original atbegshi
package with kernel methods
)
\Hy@abspage=\count297
\c@Item=\count298
\c@Hfootnote=\count299
)
Package hyperref Info: Driver (autodetected): hpdftex.

(/usr/share/texlive/texmf-dist/tex/latex/hyperref/hpdftex.def
File: hpdftex.def 2023-02-07 v7.00v Hyperref driver for pdfTeX

(/usr/share/texlive/texmf-dist/tex/latex/base/atveryend-ltx.sty
Package: atveryend-ltx 2020/08/19 v1.0a Emulation of the original atveryend pac
kage
with kernel methods
)
\Fld@listcount=\count300
\c@bookmark@seq@number=\count301

(/usr/share/texlive/texmf-dist/tex/latex/rerunfilecheck/rerunfilecheck.sty
Package: rerunfilecheck 2022-07-10 v1.10 Rerun checks for auxiliary files (HO)

(/usr/share/texlive/texmf-dist/tex/generic/uniquecounter/uniquecounter.sty
Package: uniquecounter 2019/12/15 v1.4 Provide unlimited unique counter (HO)
)
Package uniquecounter Info: New unique counter `rerunfilecheck' on input line 2
85.
)
\Hy@SectionHShift=\skip63
)
(/usr/share/texlive/texmf-dist/tex/latex/bookmark/bkm-pdftex.def
File: bkm-pdftex.def 2020-11-06 v1.29 bookmark driver for pdfTeX (HO)
\BKM@id=\count302
))
(/usr/share/texlive/texmf-dist/tex/latex/l3backend/l3backend-pdftex.def
File: l3backend-pdftex.def 2023-01-16 L3 backend support: PDF output (pdfTeX)
\l__color_backend_stack_int=\count303
\l__pdf_internal_box=\box61
)
(./report_pdflatex_fresh.aux)
\openout1 = `report_pdflatex_fresh.aux'.

LaTeX Font Info:    Checking defaults for OML/cmm/m/it on input line 124.
LaTeX Font Info:    ... okay on input line 124.
LaTeX Font Info:    Checking defaults for OMS/cmsy/m/n on input line 124.
LaTeX Font Info:    ... okay on input line 124.
LaTeX Font Info:    Checking defaults for OT1/cmr/m/n on input line 124.
LaTeX Font Info:    ... okay on input line 124.
LaTeX Font Info:    Checking defaults for T1/cmr/m/n on input line 124.
LaTeX Font Info:    ... okay on input line 124.
LaTeX Font Info:    Checking defaults for TS1/cmr/m/n on input line 124.
LaTeX Font Info:    ... okay on input line 124.
LaTeX Font Info:    Checking defaults for OMX/cmex/m/n on input line 124.
LaTeX Font Info:    ... okay on input line 124.
LaTeX Font Info:    Checking defaults for U/cmr/m/n on input line 124.
LaTeX Font Info:    ... okay on input line 124.
LaTeX Font Info:    Checking defaults for PD1/pdf/m/n on input line 124.
LaTeX Font Info:    ... okay on input line 124.
LaTeX Font Info:    Checking defaults for PU/pdf/m/n on input line 124.
LaTeX Font Info:    ... okay on input line 124.

*geometry* driver: auto-detecting
*geometry* detected driver: pdftex
*geometry* verbose mode - [ preamble ] result:
* driver: pdftex
* paper: a4paper
* layout: <same size as paper>
* layoutoffset:(h,v)=(0.0pt,0.0pt)
* modes: 
* h-part:(L,W,R)=(54.2025pt, 489.10287pt, 54.2025pt)
* v-part:(T,H,B)=(54.2025pt, 736.64185pt, 54.2025pt)
* \paperwidth=597.50787pt
* \paperheight=845.04684pt
* \textwidth=489.10287pt
* \textheight=736.64185pt
* \oddsidemargin=-18.06749pt
* \evensidemargin=-18.06749pt
* \topmargin=-55.06749pt
* \headheight=12.0pt
* \headsep=25.0pt
* \topskip=10.0pt
* \footskip=30.0pt
* \marginparwidth=65.0pt
* \marginparsep=11.0pt
* \columnsep=10.0pt
* \skip\footins=9.0pt plus 4.0pt minus 2.0pt
* \hoffset=0.0pt
* \voffset=0.0pt
* \mag=1000
* \@twocolumnfalse
* \@twosidefalse
* \@mparswitchfalse
* \@reversemarginfalse
* (1in=72.27pt=25.4mm, 1cm=28.453pt)

(/usr/share/texlive/texmf-dist/tex/latex/epstopdf-pkg/epstopdf-base.sty
Package: epstopdf-base 2020-01-24 v2.11 Base part for package epstopdf
Package epstopdf-base Info: Redefining graphics rule for `.eps' on input line 4
85.

(/usr/share/texlive/texmf-dist/tex/latex/latexconfig/epstopdf-sys.cfg
File: epstopdf-sys.cfg 2010/07/13 v1.3 Configuration of (r)epstopdf for TeX Liv
e
))
Package caption Info: Begin \AtBeginDocument code.
Package caption Info: hyperref package is loaded.
Package caption Info: longtable package is loaded.

(/usr/share/texlive/texmf-dist/tex/latex/caption/ltcaption.sty
Package: ltcaption 2021/01/08 v1.4c longtable captions (AR)
)
Package caption Info: End \AtBeginDocument code.
Package hyperref Info: Link coloring OFF on input line 124.
<vertopal_949f0de44c59406998abca066c65aa34/media/image1.png, id=4, 166.221pt x 
158.0304pt>
File: vertopal_949f0de44c59406998abca066c65aa34/media/image1.png Graphic file (
type png)
<use vertopal_949f0de44c59406998abca066c65aa34/media/image1.png>
Package pdftex.def Info: vertopal_949f0de44c59406998abca066c65aa34/media/image1
.png  used on input line 127.
(pdftex.def)             Requested size: 166.23325pt x 158.04205pt.
<vertopal_949f0de44c59406998abca066c65aa34/media/image2.png, id=6, 107.4414pt x
 122.3772pt>
File: vertopal_949f0de44c59406998abca066c65aa34/media/image2.png Graphic file (
type png)
<use vertopal_949f0de44c59406998abca066c65aa34/media/image2.png>
Package pdftex.def Info: vertopal_949f0de44c59406998abca066c65aa34/media/image2
.png  used on input line 128.
(pdftex.def)             Requested size: 107.44276pt x 122.37874pt.

(./report_pdflatex_fresh.toc
LaTeX Font Info:    Trying to load font information for OT1+lmr on input line 2
.

(/usr/share/texlive/texmf-dist/tex/latex/lm/ot1lmr.fd
File: ot1lmr.fd 2015/05/01 v1.6.1 Font defs for Latin Modern
)
LaTeX Font Info:    Trying to load font information for OML+lmm on input line 2
.

(/usr/share/texlive/texmf-dist/tex/latex/lm/omllmm.fd
File: omllmm.fd 2015/05/01 v1.6.1 Font defs for Latin Modern
)
LaTeX Font Info:    Trying to load font information for OMS+lmsy on input line 
2.

(/usr/share/texlive/texmf-dist/tex/latex/lm/omslmsy.fd
File: omslmsy.fd 2015/05/01 v1.6.1 Font defs for Latin Modern
)
LaTeX Font Info:    Trying to load font information for OMX+lmex on input line 
2.

(/usr/share/texlive/texmf-dist/tex/latex/lm/omxlmex.fd
File: omxlmex.fd 2015/05/01 v1.6.1 Font defs for Latin Modern
)
LaTeX Font Info:    External font `lmex10' loaded for size
(Font)              <10> on input line 2.
LaTeX Font Info:    External font `lmex10' loaded for size
(Font)              <7> on input line 2.
LaTeX Font Info:    External font `lmex10' loaded for size
(Font)              <5> on input line 2.
LaTeX Font Info:    Trying to load font information for U+msa on input line 2.

(/usr/share/texlive/texmf-dist/tex/latex/amsfonts/umsa.fd
File: umsa.fd 2013/01/14 v3.01 AMS symbols A
)
LaTeX Font Info:    Trying to load font information for U+msb on input line 2.

(/usr/share/texlive/texmf-dist/tex/latex/amsfonts/umsb.fd
File: umsb.fd 2013/01/14 v3.01 AMS symbols B
))
\tf@toc=\write3
\openout3 = `report_pdflatex_fresh.toc'.

 [1

{/var/lib/texmf/fonts/map/pdftex/updmap/pdftex.map}{/usr/share/texlive/texmf-di
st/fonts/enc/dvips/lm/lm-ec.enc} <./vertopal_949f0de44c59406998abca066c65aa34/m
edia/image1.png> <./vertopal_949f0de44c59406998abca066c65aa34/media/image2.png>
]
(./report_pdflatex_fresh.lof)
\tf@lof=\write4
\openout4 = `report_pdflatex_fresh.lof'.

 [2{/usr/share/texlive/texmf-dist/fonts/enc/dvips/lm/lm-rm.enc}]
LaTeX Font Info:    Trying to load font information for TS1+lmr on input line 2
30.
 (/usr/share/texlive/texmf-dist/tex/latex/lm/ts1lmr.fd
File: ts1lmr.fd 2015/05/01 v1.6.1 Font defs for Latin Modern
)
<vertopal_949f0de44c59406998abca066c65aa34/media/image3.png, id=122, 578.16pt x
 433.62pt>
File: vertopal_949f0de44c59406998abca066c65aa34/media/image3.png Graphic file (
type png)
<use vertopal_949f0de44c59406998abca066c65aa34/media/image3.png>
Package pdftex.def Info: vertopal_949f0de44c59406998abca066c65aa34/media/image3
.png  used on input line 242.
(pdftex.def)             Requested size: 449.97491pt x 337.48119pt.


Package caption Warning: The option `hypcap=true' will be ignored for this
(caption)                particular \caption on input line 243.
See the caption package documentation for explanation.

[3{/usr/share/texlive/texmf-dist/fonts/enc/dvips/lm/lm-ts1.enc}] [4{/usr/share/
texlive/texmf-dist/fonts/enc/dvips/lm/lm-mathex.enc}{/usr/share/texlive/texmf-d
ist/fonts/enc/dvips/lm/lm-mathit.enc}{/usr/share/texlive/texmf-dist/fonts/enc/d
vips/lm/lm-mathsy.enc} <./vertopal_949f0de44c59406998abca066c65aa34/media/image
3.png>] [5]
<vertopal_949f0de44c59406998abca066c65aa34/media/image4.png, id=165, 578.16pt x
 433.62pt>
File: vertopal_949f0de44c59406998abca066c65aa34/media/image4.png Graphic file (
type png)
<use vertopal_949f0de44c59406998abca066c65aa34/media/image4.png>
Package pdftex.def Info: vertopal_949f0de44c59406998abca066c65aa34/media/image4
.png  used on input line 429.
(pdftex.def)             Requested size: 449.97491pt x 337.48119pt.


Package caption Warning: The option `hypcap=true' will be ignored for this
(caption)                particular \caption on input line 430.
See the caption package documentation for explanation.

<vertopal_949f0de44c59406998abca066c65aa34/media/image5.png, id=166, 516.42938p
t x 55.70813pt>
File: vertopal_949f0de44c59406998abca066c65aa34/media/image5.png Graphic file (
type png)
<use vertopal_949f0de44c59406998abca066c65aa34/media/image5.png>
Package pdftex.def Info: vertopal_949f0de44c59406998abca066c65aa34/media/image5
.png  used on input line 441.
(pdftex.def)             Requested size: 449.99126pt x 48.54132pt.

Package caption Warning: The option `hypcap=true' will be ignored for this
(caption)                particular \caption on input line 442.
See the caption package documentation for explanation.

[6 <./vertopal_949f0de44c59406998abca066c65aa34/media/image4.png> <./vertopal_9
49f0de44c59406998abca066c65aa34/media/image5.png>]
<vertopal_949f0de44c59406998abca066c65aa34/media/image6.png, id=178, 578.16pt x
 433.62pt>
File: vertopal_949f0de44c59406998abca066c65aa34/media/image6.png Graphic file (
type png)
<use vertopal_949f0de44c59406998abca066c65aa34/media/image6.png>
Package pdftex.def Info: vertopal_949f0de44c59406998abca066c65aa34/media/image6
.png  used on input line 567.
(pdftex.def)             Requested size: 449.97491pt x 337.48119pt.


Package caption Warning: The option `hypcap=true' will be ignored for this
(caption)                particular \caption on input line 568.
See the caption package documentation for explanation.

[7]
<vertopal_949f0de44c59406998abca066c65aa34/media/image7.png, id=189, 518.6878pt
 x 54.9553pt>
File: vertopal_949f0de44c59406998abca066c65aa34/media/image7.png Graphic file (
type png)
<use vertopal_949f0de44c59406998abca066c65aa34/media/image7.png>
Package pdftex.def Info: vertopal_949f0de44c59406998abca066c65aa34/media/image7
.png  used on input line 572.
(pdftex.def)             Requested size: 449.99634pt x 47.67738pt.


Package caption Warning: The option `hypcap=true' will be ignored for this
(caption)                particular \caption on input line 573.
See the caption package documentation for explanation.

[8 <./vertopal_949f0de44c59406998abca066c65aa34/media/image6.png> <./vertopal_9
49f0de44c59406998abca066c65aa34/media/image7.png>]
<vertopal_949f0de44c59406998abca066c65aa34/media/image8.png, id=199, 578.16pt x
 433.62pt>
File: vertopal_949f0de44c59406998abca066c65aa34/media/image8.png Graphic file (
type png)
<use vertopal_949f0de44c59406998abca066c65aa34/media/image8.png>
Package pdftex.def Info: vertopal_949f0de44c59406998abca066c65aa34/media/image8
.png  used on input line 701.
(pdftex.def)             Requested size: 449.97491pt x 337.48119pt.


Package caption Warning: The option `hypcap=true' will be ignored for this
(caption)                particular \caption on input line 702.
See the caption package documentation for explanation.

[9]
<vertopal_949f0de44c59406998abca066c65aa34/media/image9.png, id=208, 513.41812p
t x 61.73062pt>
File: vertopal_949f0de44c59406998abca066c65aa34/media/image9.png Graphic file (
type png)
<use vertopal_949f0de44c59406998abca066c65aa34/media/image9.png>
Package pdftex.def Info: vertopal_949f0de44c59406998abca066c65aa34/media/image9
.png  used on input line 706.
(pdftex.def)             Requested size: 449.97615pt x 54.10268pt.


Package caption Warning: The option `hypcap=true' will be ignored for this
(caption)                particular \caption on input line 707.
See the caption package documentation for explanation.

<vertopal_949f0de44c59406998abca066c65aa34/media/image10.png, id=209, 578.16pt 
x 433.62pt>
File: vertopal_949f0de44c59406998abca066c65aa34/media/image10.png Graphic file 
(type png)
<use vertopal_949f0de44c59406998abca066c65aa34/media/image10.png>
Package pdftex.def Info: vertopal_949f0de44c59406998abca066c65aa34/media/image1
0.png  used on input line 741.
(pdftex.def)             Requested size: 449.97491pt x 337.48119pt.

Package caption Warning: The option `hypcap=true' will be ignored for this
(caption)                particular \caption on input line 742.
See the caption package documentation for explanation.

[10 <./vertopal_949f0de44c59406998abca066c65aa34/media/image8.png> <./vertopal_
949f0de44c59406998abca066c65aa34/media/image9.png>]
<vertopal_949f0de44c59406998abca066c65aa34/media/image11.png, id=219, 578.16pt 
x 433.62pt>
File: vertopal_949f0de44c59406998abca066c65aa34/media/image11.png Graphic file 
(type png)
<use vertopal_949f0de44c59406998abca066c65aa34/media/image11.png>
Package pdftex.def Info: vertopal_949f0de44c59406998abca066c65aa34/media/image1
1.png  used on input line 760.
(pdftex.def)             Requested size: 449.97491pt x 337.48119pt.


Package caption Warning: The option `hypcap=true' will be ignored for this
(caption)                particular \caption on input line 761.
See the caption package documentation for explanation.

[11 <./vertopal_949f0de44c59406998abca066c65aa34/media/image10.png>] [12 <./ver
topal_949f0de44c59406998abca066c65aa34/media/image11.png>]
<vertopal_949f0de44c59406998abca066c65aa34/media/image12.png, id=239, 722.7pt x
 542.025pt>
File: vertopal_949f0de44c59406998abca066c65aa34/media/image12.png Graphic file 
(type png)
<use vertopal_949f0de44c59406998abca066c65aa34/media/image12.png>
Package pdftex.def Info: vertopal_949f0de44c59406998abca066c65aa34/media/image1
2.png  used on input line 939.
(pdftex.def)             Requested size: 449.97713pt x 337.48283pt.


Package caption Warning: The option `hypcap=true' will be ignored for this
(caption)                particular \caption on input line 940.
See the caption package documentation for explanation.

[13]
<vertopal_949f0de44c59406998abca066c65aa34/media/image13.png, id=249, 511.15968
pt x 57.96657pt>
File: vertopal_949f0de44c59406998abca066c65aa34/media/image13.png Graphic file 
(type png)
<use vertopal_949f0de44c59406998abca066c65aa34/media/image13.png>
Package pdftex.def Info: vertopal_949f0de44c59406998abca066c65aa34/media/image1
3.png  used on input line 951.
(pdftex.def)             Requested size: 449.9701pt x 51.02753pt.


Package caption Warning: The option `hypcap=true' will be ignored for this
(caption)                particular \caption on input line 952.
See the caption package documentation for explanation.

[14 <./vertopal_949f0de44c59406998abca066c65aa34/media/image12.png> <./vertopal
_949f0de44c59406998abca066c65aa34/media/image13.png>]
<vertopal_949f0de44c59406998abca066c65aa34/media/image14.png, id=260, 722.7pt x
 542.025pt>
File: vertopal_949f0de44c59406998abca066c65aa34/media/image14.png Graphic file 
(type png)
<use vertopal_949f0de44c59406998abca066c65aa34/media/image14.png>
Package pdftex.def Info: vertopal_949f0de44c59406998abca066c65aa34/media/image1
4.png  used on input line 1069.
(pdftex.def)             Requested size: 449.97713pt x 337.48283pt.


Package caption Warning: The option `hypcap=true' will be ignored for this
(caption)                particular \caption on input line 1070.
See the caption package documentation for explanation.

[15]
<vertopal_949f0de44c59406998abca066c65aa34/media/image15.png, id=268, 508.90125
pt x 57.21375pt>
File: vertopal_949f0de44c59406998abca066c65aa34/media/image15.png Graphic file 
(type png)
<use vertopal_949f0de44c59406998abca066c65aa34/media/image15.png>
Package pdftex.def Info: vertopal_949f0de44c59406998abca066c65aa34/media/image1
5.png  used on input line 1083.
(pdftex.def)             Requested size: 449.99321pt x 50.59093pt.


Package caption Warning: The option `hypcap=true' will be ignored for this
(caption)                particular \caption on input line 1084.
See the caption package documentation for explanation.

[16 <./vertopal_949f0de44c59406998abca066c65aa34/media/image14.png> <./vertopal
_949f0de44c59406998abca066c65aa34/media/image15.png>]
Overfull \hbox (8.84846pt too wide) in paragraph at lines 1166--1167
[] 
 []


Overfull \hbox (30.19551pt too wide) in paragraph at lines 1166--1167
\T1/lmr/bx/n/10 year  
 []


Overfull \hbox (14.00142pt too wide) in paragraph at lines 1170--1171
[] 
 []


Overfull \hbox (23.4002pt too wide) in paragraph at lines 1170--1171
\T1/lmr/bx/n/10 x$[]$  
 []


Overfull \hbox (1.34137pt too wide) in paragraph at lines 1174--1175
\T1/lmr/bx/n/10 y$[]$  
 []


Overfull \hbox (21.48093pt too wide) in paragraph at lines 1178--1180
$\OML/lmm/m/it/10 ^^L[][]^^L[]\OT1/lmr/bx/n/10 x[][][][][][][]$  
 []


Overfull \hbox (8.84846pt too wide) in paragraph at lines 1194--1195
[] 
 []


Overfull \hbox (28.84846pt too wide) in paragraph at lines 1194--1195
\T1/lmr/m/n/10 1987  
 []


Overfull \hbox (14.00142pt too wide) in paragraph at lines 1198--1199
[] 
 []


Overfull \hbox (19.00142pt too wide) in paragraph at lines 1198--1199
\T1/lmr/m/n/10 0  
 []


Overfull \hbox (16.94258pt too wide) in paragraph at lines 1202--1203
\T1/lmr/m/n/10 12400  
 []


Overfull \hbox (8.10597pt too wide) in paragraph at lines 1214--1215
\T1/lmr/m/n/10 10,598,642  
 []


Overfull \hbox (8.84846pt too wide) in paragraph at lines 1219--1220
[] 
 []


Overfull \hbox (28.84846pt too wide) in paragraph at lines 1219--1220
\T1/lmr/m/n/10 1988  
 []


Overfull \hbox (14.00142pt too wide) in paragraph at lines 1223--1224
[] 
 []


Overfull \hbox (19.00142pt too wide) in paragraph at lines 1223--1224
\T1/lmr/m/n/10 1  
 []


Overfull \hbox (16.94258pt too wide) in paragraph at lines 1227--1228
\T1/lmr/m/n/10 10900  
 []


Overfull \hbox (3.10597pt too wide) in paragraph at lines 1239--1240
\T1/lmr/m/n/10 3,081,975  
 []


Overfull \hbox (8.84846pt too wide) in paragraph at lines 1244--1245
[] 
 []


Overfull \hbox (28.84846pt too wide) in paragraph at lines 1244--1245
\T1/lmr/m/n/10 1989  
 []


Overfull \hbox (14.00142pt too wide) in paragraph at lines 1248--1249
[] 
 []


Overfull \hbox (19.00142pt too wide) in paragraph at lines 1248--1249
\T1/lmr/m/n/10 2  
 []


Overfull \hbox (16.94258pt too wide) in paragraph at lines 1252--1253
\T1/lmr/m/n/10 10000  
 []


Overfull \hbox (8.84846pt too wide) in paragraph at lines 1269--1270
[] 
 []


Overfull \hbox (28.84846pt too wide) in paragraph at lines 1269--1270
\T1/lmr/m/n/10 1991  
 []


Overfull \hbox (14.00142pt too wide) in paragraph at lines 1273--1274
[] 
 []


Overfull \hbox (19.00142pt too wide) in paragraph at lines 1273--1274
\T1/lmr/m/n/10 4  
 []


Overfull \hbox (11.94258pt too wide) in paragraph at lines 1277--1278
\T1/lmr/m/n/10 9500  
 []


Overfull \hbox (2.36687pt too wide) in paragraph at lines 1285--1286
\T1/lmr/m/n/10 174,339  
 []


Overfull \hbox (8.84846pt too wide) in paragraph at lines 1294--1295
[] 
 []


Overfull \hbox (28.84846pt too wide) in paragraph at lines 1294--1295
\T1/lmr/m/n/10 1992  
 []


Overfull \hbox (14.00142pt too wide) in paragraph at lines 1298--1299
[] 
 []


Overfull \hbox (19.00142pt too wide) in paragraph at lines 1298--1299
\T1/lmr/m/n/10 5  
 []


Overfull \hbox (11.94258pt too wide) in paragraph at lines 1302--1303
\T1/lmr/m/n/10 8900  
 []


Overfull \hbox (8.84846pt too wide) in paragraph at lines 1319--1320
[] 
 []


Overfull \hbox (28.84846pt too wide) in paragraph at lines 1319--1320
\T1/lmr/m/n/10 1993  
 []


Overfull \hbox (14.00142pt too wide) in paragraph at lines 1323--1324
[] 
 []


Overfull \hbox (19.00142pt too wide) in paragraph at lines 1323--1324
\T1/lmr/m/n/10 6  
 []


Overfull \hbox (11.94258pt too wide) in paragraph at lines 1327--1328
\T1/lmr/m/n/10 8000  
 []


Overfull \hbox (3.10597pt too wide) in paragraph at lines 1339--1340
\T1/lmr/m/n/10 1,309,753  
 []


Overfull \hbox (8.84846pt too wide) in paragraph at lines 1344--1345
[] 
 []


Overfull \hbox (28.84846pt too wide) in paragraph at lines 1344--1345
\T1/lmr/m/n/10 1994  
 []


Overfull \hbox (14.00142pt too wide) in paragraph at lines 1348--1349
[] 
 []


Overfull \hbox (19.00142pt too wide) in paragraph at lines 1348--1349
\T1/lmr/m/n/10 7  
 []


Overfull \hbox (11.94258pt too wide) in paragraph at lines 1352--1353
\T1/lmr/m/n/10 7800  
 []


Overfull \hbox (3.10597pt too wide) in paragraph at lines 1364--1365
\T1/lmr/m/n/10 1,807,531  
 []


Overfull \hbox (8.84846pt too wide) in paragraph at lines 1369--1370
[] 
 []


Overfull \hbox (28.84846pt too wide) in paragraph at lines 1369--1370
\T1/lmr/m/n/10 1995  
 []


Overfull \hbox (14.00142pt too wide) in paragraph at lines 1373--1374
[] 
 []


Overfull \hbox (19.00142pt too wide) in paragraph at lines 1373--1374
\T1/lmr/m/n/10 8  
 []


Overfull \hbox (11.94258pt too wide) in paragraph at lines 1377--1378
\T1/lmr/m/n/10 7600  
 []


Overfull \hbox (3.10597pt too wide) in paragraph at lines 1389--1390
\T1/lmr/m/n/10 2,385,309  
 []


Overfull \hbox (8.84846pt too wide) in paragraph at lines 1394--1395
[] 
 []


Overfull \hbox (28.84846pt too wide) in paragraph at lines 1394--1395
\T1/lmr/m/n/10 1996  
 []


Overfull \hbox (14.00142pt too wide) in paragraph at lines 1398--1399
[] 
 []


Overfull \hbox (19.00142pt too wide) in paragraph at lines 1398--1399
\T1/lmr/m/n/10 9  
 []


Overfull \hbox (11.94258pt too wide) in paragraph at lines 1402--1403
\T1/lmr/m/n/10 7200  
 []


Overfull \hbox (3.10597pt too wide) in paragraph at lines 1414--1415
\T1/lmr/m/n/10 3,780,864  
 []


Overfull \hbox (8.84846pt too wide) in paragraph at lines 1419--1420
[] 
 []


Overfull \hbox (16.07047pt too wide) in paragraph at lines 1419--1420
$\OT1/lmr/m/n/10 ^^F$ 
 []


Overfull \hbox (17.79245pt too wide) in paragraph at lines 1419--1420
\T1/lmr/bx/n/10 =  
 []


Overfull \hbox (14.00142pt too wide) in paragraph at lines 1423--1424
[] 
 []


Overfull \hbox (25.50139pt too wide) in paragraph at lines 1423--1424
\T1/lmr/bx/n/10 42  
 []


Overfull \hbox (19.72034pt too wide) in paragraph at lines 1427--1428
\T1/lmr/m/n/10 82,300  
 []


Overfull \hbox (7.28352pt too wide) in paragraph at lines 1435--1436
\T1/lmr/bx/n/10 508,988  
 []


Overfull \hbox (14.93935pt too wide) in paragraph at lines 1439--1440
\T1/lmr/bx/n/10 23,882,222  
 []

<vertopal_949f0de44c59406998abca066c65aa34/media/image16.png, id=279, 722.7pt x
 542.025pt>
File: vertopal_949f0de44c59406998abca066c65aa34/media/image16.png Graphic file 
(type png)
<use vertopal_949f0de44c59406998abca066c65aa34/media/image16.png>
Package pdftex.def Info: vertopal_949f0de44c59406998abca066c65aa34/media/image1
6.png  used on input line 1455.
(pdftex.def)             Requested size: 449.97713pt x 337.48283pt.

Package caption Warning: The option `hypcap=true' will be ignored for this
(caption)                particular \caption on input line 1456.
See the caption package documentation for explanation.

[17]
<vertopal_949f0de44c59406998abca066c65aa34/media/image17.png, id=287, 514.92375
pt x 57.96657pt>
File: vertopal_949f0de44c59406998abca066c65aa34/media/image17.png Graphic file 
(type png)
<use vertopal_949f0de44c59406998abca066c65aa34/media/image17.png>
Package pdftex.def Info: vertopal_949f0de44c59406998abca066c65aa34/media/image1
7.png  used on input line 1467.
(pdftex.def)             Requested size: 449.9836pt x 50.65604pt.


Package caption Warning: The option `hypcap=true' will be ignored for this
(caption)                particular \caption on input line 1468.
See the caption package documentation for explanation.

<vertopal_949f0de44c59406998abca066c65aa34/media/image18.png, id=288, 722.7pt x
 542.025pt>
File: vertopal_949f0de44c59406998abca066c65aa34/media/image18.png Graphic file 
(type png)
<use vertopal_949f0de44c59406998abca066c65aa34/media/image18.png>
Package pdftex.def Info: vertopal_949f0de44c59406998abca066c65aa34/media/image1
8.png  used on input line 1501.
(pdftex.def)             Requested size: 449.97713pt x 337.48283pt.

Package caption Warning: The option `hypcap=true' will be ignored for this
(caption)                particular \caption on input line 1502.
See the caption package documentation for explanation.

[18 <./vertopal_949f0de44c59406998abca066c65aa34/media/image16.png> <./vertopal
_949f0de44c59406998abca066c65aa34/media/image17.png>]
<vertopal_949f0de44c59406998abca066c65aa34/media/image19.png, id=299, 1110.0672
pt x 557.9244pt>
File: vertopal_949f0de44c59406998abca066c65aa34/media/image19.png Graphic file 
(type png)
<use vertopal_949f0de44c59406998abca066c65aa34/media/image19.png>
Package pdftex.def Info: vertopal_949f0de44c59406998abca066c65aa34/media/image1
9.png  used on input line 1516.
(pdftex.def)             Requested size: 449.96434pt x 226.15395pt.


Package caption Warning: The option `hypcap=true' will be ignored for this
(caption)                particular \caption on input line 1517.
See the caption package documentation for explanation.


Overfull \hbox (0.59875pt too wide) in paragraph at lines 1532--1533
[]\T1/lmr/bx/n/10 Parameters  
 []

[19 <./vertopal_949f0de44c59406998abca066c65aa34/media/image18.png> <./vertopal
_949f0de44c59406998abca066c65aa34/media/image19.png>]
<vertopal_949f0de44c59406998abca066c65aa34/media/image21.png, id=309, 646.66594
pt x 553.31718pt>
File: vertopal_949f0de44c59406998abca066c65aa34/media/image21.png Graphic file 
(type png)
<use vertopal_949f0de44c59406998abca066c65aa34/media/image21.png>
Package pdftex.def Info: vertopal_949f0de44c59406998abca066c65aa34/media/image2
1.png  used on input line 1576.
(pdftex.def)             Requested size: 317.91501pt x 272.02274pt.


Package caption Warning: The option `hypcap=true' will be ignored for this
(caption)                particular \caption on input line 1577.
See the caption package documentation for explanation.

<vertopal_949f0de44c59406998abca066c65aa34/media/image20.png, id=310, 338.76563
pt x 54.2025pt>
File: vertopal_949f0de44c59406998abca066c65aa34/media/image20.png Graphic file 
(type png)
<use vertopal_949f0de44c59406998abca066c65aa34/media/image20.png>
Package pdftex.def Info: vertopal_949f0de44c59406998abca066c65aa34/media/image2
0.png  used on input line 1580.
(pdftex.def)             Requested size: 317.9228pt x 50.86765pt.

Package caption Warning: The option `hypcap=true' will be ignored for this
(caption)                particular \caption on input line 1581.
See the caption package documentation for explanation.

<vertopal_949f0de44c59406998abca066c65aa34/media/image22.png, id=311, 650.43pt 
x 505.89pt>
File: vertopal_949f0de44c59406998abca066c65aa34/media/image22.png Graphic file 
(type png)
<use vertopal_949f0de44c59406998abca066c65aa34/media/image22.png>
Package pdftex.def Info: vertopal_949f0de44c59406998abca066c65aa34/media/image2
2.png  used on input line 1584.
(pdftex.def)             Requested size: 317.91951pt x 247.27072pt.

Package caption Warning: The option `hypcap=true' will be ignored for this
(caption)                particular \caption on input line 1585.
See the caption package documentation for explanation.

[20 <./vertopal_949f0de44c59406998abca066c65aa34/media/image21.png> <./vertopal
_949f0de44c59406998abca066c65aa34/media/image20.png>]
<vertopal_949f0de44c59406998abca066c65aa34/media/image23.png, id=319, 322.20375
pt x 60.225pt>
File: vertopal_949f0de44c59406998abca066c65aa34/media/image23.png Graphic file 
(type png)
<use vertopal_949f0de44c59406998abca066c65aa34/media/image23.png>
Package pdftex.def Info: vertopal_949f0de44c59406998abca066c65aa34/media/image2
3.png  used on input line 1588.
(pdftex.def)             Requested size: 322.21278pt x 60.22667pt.


Package caption Warning: The option `hypcap=true' will be ignored for this
(caption)                particular \caption on input line 1589.
See the caption package documentation for explanation.

<vertopal_949f0de44c59406998abca066c65aa34/media/image24.png, id=320, 502.87875
pt x 100.12407pt>
File: vertopal_949f0de44c59406998abca066c65aa34/media/image24.png Graphic file 
(type png)
<use vertopal_949f0de44c59406998abca066c65aa34/media/image24.png>
Package pdftex.def Info: vertopal_949f0de44c59406998abca066c65aa34/media/image2
4.png  used on input line 1629.
(pdftex.def)             Requested size: 449.9701pt x 89.58984pt.

Package caption Warning: The option `hypcap=true' will be ignored for this
(caption)                particular \caption on input line 1630.
See the caption package documentation for explanation.

[21 <./vertopal_949f0de44c59406998abca066c65aa34/media/image22.png> <./vertopal
_949f0de44c59406998abca066c65aa34/media/image23.png> <./vertopal_949f0de44c5940
6998abca066c65aa34/media/image24.png>]
<vertopal_949f0de44c59406998abca066c65aa34/media/image25.png, id=331, 722.7pt x
 505.89pt>
File: vertopal_949f0de44c59406998abca066c65aa34/media/image25.png Graphic file 
(type png)
<use vertopal_949f0de44c59406998abca066c65aa34/media/image25.png>
Package pdftex.def Info: vertopal_949f0de44c59406998abca066c65aa34/media/image2
5.png  used on input line 1695.
(pdftex.def)             Requested size: 449.97713pt x 314.98398pt.


Package caption Warning: The option `hypcap=true' will be ignored for this
(caption)                particular \caption on input line 1696.
See the caption package documentation for explanation.

<vertopal_949f0de44c59406998abca066c65aa34/media/image26.png, id=332, 1003.75pt
 x 702.625pt>
File: vertopal_949f0de44c59406998abca066c65aa34/media/image26.png Graphic file 
(type png)
<use vertopal_949f0de44c59406998abca066c65aa34/media/image26.png>
Package pdftex.def Info: vertopal_949f0de44c59406998abca066c65aa34/media/image2
6.png  used on input line 1710.
(pdftex.def)             Requested size: 449.98326pt x 314.98827pt.

Package caption Warning: The option `hypcap=true' will be ignored for this
(caption)                particular \caption on input line 1711.
See the caption package documentation for explanation.

[22 <./vertopal_949f0de44c59406998abca066c65aa34/media/image25.png>]
<vertopal_949f0de44c59406998abca066c65aa34/media/image27.png, id=347, 528.47438
pt x 93.34875pt>
File: vertopal_949f0de44c59406998abca066c65aa34/media/image27.png Graphic file 
(type png)
<use vertopal_949f0de44c59406998abca066c65aa34/media/image27.png>
Package pdftex.def Info: vertopal_949f0de44c59406998abca066c65aa34/media/image2
7.png  used on input line 1723.
(pdftex.def)             Requested size: 449.9714pt x 79.48212pt.


Package caption Warning: The option `hypcap=true' will be ignored for this
(caption)                particular \caption on input line 1724.
See the caption package documentation for explanation.

<vertopal_949f0de44c59406998abca066c65aa34/media/image28.png, id=348, 722.7pt x
 505.89pt>
File: vertopal_949f0de44c59406998abca066c65aa34/media/image28.png Graphic file 
(type png)
<use vertopal_949f0de44c59406998abca066c65aa34/media/image28.png>
Package pdftex.def Info: vertopal_949f0de44c59406998abca066c65aa34/media/image2
8.png  used on input line 1740.
(pdftex.def)             Requested size: 449.97713pt x 314.98398pt.

Package caption Warning: The option `hypcap=true' will be ignored for this
(caption)                particular \caption on input line 1741.
See the caption package documentation for explanation.

[23 <./vertopal_949f0de44c59406998abca066c65aa34/media/image26.png> <./vertopal
_949f0de44c59406998abca066c65aa34/media/image27.png>]
<vertopal_949f0de44c59406998abca066c65aa34/media/image29.png, id=356, 777.65532
pt x 180.675pt>
File: vertopal_949f0de44c59406998abca066c65aa34/media/image29.png Graphic file 
(type png)
<use vertopal_949f0de44c59406998abca066c65aa34/media/image29.png>
Package pdftex.def Info: vertopal_949f0de44c59406998abca066c65aa34/media/image2
9.png  used on input line 1751.
(pdftex.def)             Requested size: 449.98433pt x 104.5462pt.


Package caption Warning: The option `hypcap=true' will be ignored for this
(caption)                particular \caption on input line 1752.
See the caption package documentation for explanation.

<vertopal_949f0de44c59406998abca066c65aa34/media/image30.png, id=357, 1003.75pt
 x 702.625pt>
File: vertopal_949f0de44c59406998abca066c65aa34/media/image30.png Graphic file 
(type png)
<use vertopal_949f0de44c59406998abca066c65aa34/media/image30.png>
Package pdftex.def Info: vertopal_949f0de44c59406998abca066c65aa34/media/image3
0.png  used on input line 1780.
(pdftex.def)             Requested size: 449.98326pt x 314.98827pt.

Package caption Warning: The option `hypcap=true' will be ignored for this
(caption)                particular \caption on input line 1781.
See the caption package documentation for explanation.

[24 <./vertopal_949f0de44c59406998abca066c65aa34/media/image28.png> <./vertopal
_949f0de44c59406998abca066c65aa34/media/image29.png>]
<vertopal_949f0de44c59406998abca066c65aa34/media/image31.png, id=367, 1003.75pt
 x 702.625pt>
File: vertopal_949f0de44c59406998abca066c65aa34/media/image31.png Graphic file 
(type png)
<use vertopal_949f0de44c59406998abca066c65aa34/media/image31.png>
Package pdftex.def Info: vertopal_949f0de44c59406998abca066c65aa34/media/image3
1.png  used on input line 1793.
(pdftex.def)             Requested size: 449.98326pt x 314.98827pt.


Package caption Warning: The option `hypcap=true' will be ignored for this
(caption)                particular \caption on input line 1794.
See the caption package documentation for explanation.

[25 <./vertopal_949f0de44c59406998abca066c65aa34/media/image30.png> <./vertopal
_949f0de44c59406998abca066c65aa34/media/image31.png>]
<vertopal_949f0de44c59406998abca066c65aa34/media/image32.png, id=377, 525.46312
pt x 92.59593pt>
File: vertopal_949f0de44c59406998abca066c65aa34/media/image32.png Graphic file 
(type png)
<use vertopal_949f0de44c59406998abca066c65aa34/media/image32.png>
Package pdftex.def Info: vertopal_949f0de44c59406998abca066c65aa34/media/image3
2.png  used on input line 1808.
(pdftex.def)             Requested size: 449.98923pt x 79.29607pt.


Package caption Warning: The option `hypcap=true' will be ignored for this
(caption)                particular \caption on input line 1809.
See the caption package documentation for explanation.

<vertopal_949f0de44c59406998abca066c65aa34/media/image33.png, id=378, 1003.75pt
 x 702.625pt>
File: vertopal_949f0de44c59406998abca066c65aa34/media/image33.png Graphic file 
(type png)
<use vertopal_949f0de44c59406998abca066c65aa34/media/image33.png>
Package pdftex.def Info: vertopal_949f0de44c59406998abca066c65aa34/media/image3
3.png  used on input line 1825.
(pdftex.def)             Requested size: 449.98326pt x 314.98827pt.

Package caption Warning: The option `hypcap=true' will be ignored for this
(caption)                particular \caption on input line 1826.
See the caption package documentation for explanation.

<vertopal_949f0de44c59406998abca066c65aa34/media/image34.png, id=379, 776.14969
pt x 180.675pt>
File: vertopal_949f0de44c59406998abca066c65aa34/media/image34.png Graphic file 
(type png)
<use vertopal_949f0de44c59406998abca066c65aa34/media/image34.png>
Package pdftex.def Info: vertopal_949f0de44c59406998abca066c65aa34/media/image3
4.png  used on input line 1840.
(pdftex.def)             Requested size: 449.97765pt x 104.74745pt.

Package caption Warning: The option `hypcap=true' will be ignored for this
(caption)                particular \caption on input line 1841.
See the caption package documentation for explanation.

[26 <./vertopal_949f0de44c59406998abca066c65aa34/media/image32.png> <./vertopal
_949f0de44c59406998abca066c65aa34/media/image33.png>]
<vertopal_949f0de44c59406998abca066c65aa34/media/image35.png, id=387, 722.7pt x
 505.89pt>
File: vertopal_949f0de44c59406998abca066c65aa34/media/image35.png Graphic file 
(type png)
<use vertopal_949f0de44c59406998abca066c65aa34/media/image35.png>
Package pdftex.def Info: vertopal_949f0de44c59406998abca066c65aa34/media/image3
5.png  used on input line 1896.
(pdftex.def)             Requested size: 229.87926pt x 160.91547pt.
<vertopal_949f0de44c59406998abca066c65aa34/media/image36.png, id=388, 722.7pt x
 505.89pt>
File: vertopal_949f0de44c59406998abca066c65aa34/media/image36.png Graphic file 
(type png)
<use vertopal_949f0de44c59406998abca066c65aa34/media/image36.png>
Package pdftex.def Info: vertopal_949f0de44c59406998abca066c65aa34/media/image3
6.png  used on input line 1897.
(pdftex.def)             Requested size: 229.87926pt x 160.91547pt.
<vertopal_949f0de44c59406998abca066c65aa34/media/image37.png, id=389, 461.47406
pt x 135.50626pt>
File: vertopal_949f0de44c59406998abca066c65aa34/media/image37.png Graphic file 
(type png)
<use vertopal_949f0de44c59406998abca066c65aa34/media/image37.png>
Package pdftex.def Info: vertopal_949f0de44c59406998abca066c65aa34/media/image3
7.png  used on input line 1911.
(pdftex.def)             Requested size: 449.9741pt x 132.12941pt.


Package caption Warning: The option `hypcap=true' will be ignored for this
(caption)                particular \caption on input line 1912.
See the caption package documentation for explanation.

[27 <./vertopal_949f0de44c59406998abca066c65aa34/media/image34.png> <./vertopal
_949f0de44c59406998abca066c65aa34/media/image35.png> <./vertopal_949f0de44c5940
6998abca066c65aa34/media/image36.png> <./vertopal_949f0de44c59406998abca066c65a
a34/media/image37.png>]
<vertopal_949f0de44c59406998abca066c65aa34/media/image38.png, id=400, 515.67656
pt x 29.35968pt>
File: vertopal_949f0de44c59406998abca066c65aa34/media/image38.png Graphic file 
(type png)
<use vertopal_949f0de44c59406998abca066c65aa34/media/image38.png>
Package pdftex.def Info: vertopal_949f0de44c59406998abca066c65aa34/media/image3
8.png  used on input line 1969.
(pdftex.def)             Requested size: 449.98837pt x 25.61975pt.


Package caption Warning: The option `hypcap=true' will be ignored for this
(caption)                particular \caption on input line 1970.
See the caption package documentation for explanation.

<vertopal_949f0de44c59406998abca066c65aa34/media/image39.png, id=401, 506.6428p
t x 26.34843pt>
File: vertopal_949f0de44c59406998abca066c65aa34/media/image39.png Graphic file 
(type png)
<use vertopal_949f0de44c59406998abca066c65aa34/media/image39.png>
Package pdftex.def Info: vertopal_949f0de44c59406998abca066c65aa34/media/image3
9.png  used on input line 2027.
(pdftex.def)             Requested size: 449.98299pt x 23.40176pt.

Package caption Warning: The option `hypcap=true' will be ignored for this
(caption)                particular \caption on input line 2028.
See the caption package documentation for explanation.

[28 <./vertopal_949f0de44c59406998abca066c65aa34/media/image38.png> <./vertopal
_949f0de44c59406998abca066c65aa34/media/image39.png>]
(./report_pdflatex_fresh.aux) ) 
Here is how much of TeX's memory you used:
 13718 strings out of 477985
 229967 string characters out of 5839381
 1886388 words of memory out of 6000000
 33489 multiletter control sequences out of 15000+600000
 560615 words of font info for 61 fonts, out of 8000000 for 9000
 14 hyphenation exceptions out of 8191
 77i,11n,81p,657b,658s stack positions out of 10000i,1000n,20000p,200000b,200000s
</usr/share/texlive/texmf-dist/fonts/type1/publi
c/lm/lmbx10.pfb></usr/share/texlive/texmf-dist/fonts/type1/public/lm/lmbx12.pfb
></usr/share/texlive/texmf-dist/fonts/type1/public/lm/lmbx7.pfb></usr/share/tex
live/texmf-dist/fonts/type1/public/lm/lmbxi10.pfb></usr/share/texlive/texmf-dis
t/fonts/type1/public/lm/lmex10.pfb></usr/share/texlive/texmf-dist/fonts/type1/p
ublic/lm/lmmi10.pfb></usr/share/texlive/texmf-dist/fonts/type1/public/lm/lmmi5.
pfb></usr/share/texlive/texmf-dist/fonts/type1/public/lm/lmmi7.pfb></usr/share/
texlive/texmf-dist/fonts/type1/public/lm/lmr10.pfb></usr/share/texlive/texmf-di
st/fonts/type1/public/lm/lmr5.pfb></usr/share/texlive/texmf-dist/fonts/type1/pu
blic/lm/lmr7.pfb></usr/share/texlive/texmf-dist/fonts/type1/public/lm/lmri10.pf
b></usr/share/texlive/texmf-dist/fonts/type1/public/lm/lmsy10.pfb></usr/share/t
exlive/texmf-dist/fonts/type1/public/lm/lmsy5.pfb></usr/share/texlive/texmf-dis
t/fonts/type1/public/lm/lmsy7.pfb>
Output written on report_pdflatex_fresh.pdf (28 pages, 1565510 bytes).
PDF statistics:
 567 PDF objects out of 1000 (max. 8388607)
 424 compressed objects within 5 object streams
 175 named destinations out of 1000 (max. 500000)
 300 words of extra memory for PDF output out of 10000 (max. 10000000)

